GCASM List File (GCBASIC 2024.08.18 (Windows 64 bit) : Build 1411)

Symbols:
A 	EQU 	0
ABDEN 	EQU 	0
ABDOVF 	EQU 	7
ACCESS 	EQU 	0
ACKDT 	EQU 	5
ACKEN 	EQU 	4
ACKSTAT 	EQU 	6
ACQT0 	EQU 	3
ACQT1 	EQU 	4
ACQT2 	EQU 	5
ACTVIE 	EQU 	2
ACTVIF 	EQU 	2
ADCON0 	EQU 	4034
ADCON0_GO_DONE 	EQU 	1
ADCON1 	EQU 	4033
ADCON2 	EQU 	4032
ADCS0 	EQU 	0
ADCS1 	EQU 	1
ADCS2 	EQU 	2
ADDEN 	EQU 	3
ADDR0 	EQU 	0
ADDR1 	EQU 	1
ADDR2 	EQU 	2
ADDR3 	EQU 	3
ADDR4 	EQU 	4
ADDR5 	EQU 	5
ADDR6 	EQU 	6
ADEN 	EQU 	3
ADFM 	EQU 	7
ADIE 	EQU 	6
ADIF 	EQU 	6
ADIP 	EQU 	6
ADON 	EQU 	0
ADRES 	EQU 	4035
ADRESH 	EQU 	4036
ADRESL 	EQU 	4035
AN0 	EQU 	0
AN1 	EQU 	1
AN2 	EQU 	2
AN3 	EQU 	3
AN4 	EQU 	5
B 	EQU 	1
BANKED 	EQU 	1
BASPROGRAMEND 	EQU 	66
BASPROGRAMSTART 	EQU 	12
BAUDCON 	EQU 	4024
BAUDCTL 	EQU 	4024
BAUDCTL_ABDEN 	EQU 	0
BAUDCTL_ABDOVF 	EQU 	7
BAUDCTL_BRG16 	EQU 	3
BAUDCTL_RCIDL 	EQU 	6
BAUDCTL_RCMT 	EQU 	6
BAUDCTL_RXDTP 	EQU 	5
BAUDCTL_SCKP 	EQU 	4
BAUDCTL_TXCKP 	EQU 	4
BAUDCTL_WUE 	EQU 	1
BCLIE 	EQU 	3
BCLIF 	EQU 	3
BCLIP 	EQU 	3
BF 	EQU 	0
BGST 	EQU 	5
BOR 	EQU 	0
BRG16 	EQU 	3
BRGH 	EQU 	2
BSR 	EQU 	4064
BTOEE 	EQU 	4
BTOEF 	EQU 	4
BTSEE 	EQU 	7
BTSEF 	EQU 	7
C 	EQU 	0
C1INV 	EQU 	4
C1OUT 	EQU 	6
C2INV 	EQU 	5
C2OUT 	EQU 	7
CCP1 	EQU 	2
CCP1AS 	EQU 	4022
CCP1CON 	EQU 	4029
CCP1DEL 	EQU 	4023
CCP1IE 	EQU 	2
CCP1IF 	EQU 	2
CCP1IP 	EQU 	2
CCP1M0 	EQU 	0
CCP1M1 	EQU 	1
CCP1M2 	EQU 	2
CCP1M3 	EQU 	3
CCP2CON 	EQU 	4026
CCP2IE 	EQU 	0
CCP2IF 	EQU 	0
CCP2IP 	EQU 	0
CCP2M0 	EQU 	0
CCP2M1 	EQU 	1
CCP2M2 	EQU 	2
CCP2M3 	EQU 	3
CCPR1 	EQU 	4030
CCPR1H 	EQU 	4031
CCPR1L 	EQU 	4030
CCPR2 	EQU 	4027
CCPR2H 	EQU 	4028
CCPR2L 	EQU 	4027
CFGS 	EQU 	6
CHS0 	EQU 	2
CHS1 	EQU 	3
CHS2 	EQU 	4
CHS3 	EQU 	5
CIS 	EQU 	3
CK 	EQU 	6
CK1SPP 	EQU 	0
CK2SPP 	EQU 	1
CKE 	EQU 	6
CKP 	EQU 	4
CLK1EN 	EQU 	4
CLKCFG0 	EQU 	6
CLKCFG1 	EQU 	7
CLS 	EQU 	70
CM0 	EQU 	0
CM1 	EQU 	1
CM2 	EQU 	2
CMCON 	EQU 	4020
CMIE 	EQU 	6
CMIF 	EQU 	6
CMIP 	EQU 	6
CRC16EE 	EQU 	2
CRC16EF 	EQU 	2
CRC5EE 	EQU 	1
CRC5EF 	EQU 	1
CREN 	EQU 	4
CSEN 	EQU 	5
CSRC 	EQU 	7
CVR0 	EQU 	0
CVR1 	EQU 	1
CVR2 	EQU 	2
CVR3 	EQU 	3
CVRCON 	EQU 	4021
CVREF 	EQU 	4
CVREN 	EQU 	7
CVROE 	EQU 	6
CVRR 	EQU 	5
CVRSS 	EQU 	4
D 	EQU 	5
D10US_START 	EQU 	102
DATA_ADDRESS 	EQU 	5
DC 	EQU 	1
DC1B0 	EQU 	4
DC1B1 	EQU 	5
DC2B0 	EQU 	4
DC2B1 	EQU 	5
DDRA 	EQU 	3986
DDRA_RA0 	EQU 	0
DDRA_RA1 	EQU 	1
DDRA_RA2 	EQU 	2
DDRA_RA3 	EQU 	3
DDRA_RA4 	EQU 	4
DDRA_RA5 	EQU 	5
DDRA_RA6 	EQU 	6
DDRB 	EQU 	3987
DDRB_RB0 	EQU 	0
DDRB_RB1 	EQU 	1
DDRB_RB2 	EQU 	2
DDRB_RB3 	EQU 	3
DDRB_RB4 	EQU 	4
DDRB_RB5 	EQU 	5
DDRB_RB6 	EQU 	6
DDRB_RB7 	EQU 	7
DDRC 	EQU 	3988
DDRC_RC0 	EQU 	0
DDRC_RC1 	EQU 	1
DDRC_RC2 	EQU 	2
DDRC_RC6 	EQU 	6
DDRC_RC7 	EQU 	7
DDRD 	EQU 	3989
DDRD_RD0 	EQU 	0
DDRD_RD1 	EQU 	1
DDRD_RD2 	EQU 	2
DDRD_RD3 	EQU 	3
DDRD_RD4 	EQU 	4
DDRD_RD5 	EQU 	5
DDRD_RD6 	EQU 	6
DDRD_RD7 	EQU 	7
DDRE 	EQU 	3990
DDRE_RE0 	EQU 	0
DDRE_RE1 	EQU 	1
DDRE_RE2 	EQU 	2
DELAYTEMP 	EQU 	0
DELAYTEMP2 	EQU 	1
DELAYUS0 	EQU 	106
DELAYUS1 	EQU 	1154
DELAYUS2 	EQU 	96
DELAYUS3 	EQU 	666
DELAY_10US 	EQU 	102
DELAY_MS 	EQU 	118
DFN8EE 	EQU 	3
DFN8EF 	EQU 	3
DIR 	EQU 	2
DISTANCE 	EQU 	13
DISTANCE_H 	EQU 	14
DMS_INNER 	EQU 	128
DMS_OUTER 	EQU 	124
DMS_START 	EQU 	120
DONE 	EQU 	1
D_A 	EQU 	5
D_NOT_A 	EQU 	5
ECCP1AS 	EQU 	4022
ECCP1AS_ECCPAS0 	EQU 	4
ECCP1AS_ECCPAS1 	EQU 	5
ECCP1AS_ECCPAS2 	EQU 	6
ECCP1AS_ECCPASE 	EQU 	7
ECCP1AS_PSSAC0 	EQU 	2
ECCP1AS_PSSAC1 	EQU 	3
ECCP1AS_PSSBD0 	EQU 	0
ECCP1AS_PSSBD1 	EQU 	1
ECCP1CON 	EQU 	4029
ECCP1CON_CCP1M0 	EQU 	0
ECCP1CON_CCP1M1 	EQU 	1
ECCP1CON_CCP1M2 	EQU 	2
ECCP1CON_CCP1M3 	EQU 	3
ECCP1CON_DC1B0 	EQU 	4
ECCP1CON_DC1B1 	EQU 	5
ECCP1CON_P1M0 	EQU 	6
ECCP1CON_P1M1 	EQU 	7
ECCP1DEL 	EQU 	4023
ECCP1DEL_PDC0 	EQU 	0
ECCP1DEL_PDC1 	EQU 	1
ECCP1DEL_PDC2 	EQU 	2
ECCP1DEL_PDC3 	EQU 	3
ECCP1DEL_PDC4 	EQU 	4
ECCP1DEL_PDC5 	EQU 	5
ECCP1DEL_PDC6 	EQU 	6
ECCP1DEL_PRSEN 	EQU 	7
ECCPAS0 	EQU 	4
ECCPAS1 	EQU 	5
ECCPAS2 	EQU 	6
ECCPASE 	EQU 	7
EEADR 	EQU 	4009
EECON1 	EQU 	4006
EECON2 	EQU 	4007
EEDATA 	EQU 	4008
EEIE 	EQU 	4
EEIF 	EQU 	4
EEIP 	EQU 	4
EEPGD 	EQU 	7
ELSE24_1 	EQU 	264
ELSE25_1 	EQU 	290
ELSE26_1 	EQU 	226
ELSE6_1 	EQU 	558
ENDIF19 	EQU 	1044
ENDIF2 	EQU 	764
ENDIF20 	EQU 	1082
ENDIF21 	EQU 	176
ENDIF22 	EQU 	190
ENDIF23 	EQU 	206
ENDIF24 	EQU 	268
ENDIF25 	EQU 	294
ENDIF26 	EQU 	228
ENDIF27 	EQU 	240
ENDIF3 	EQU 	828
ENDIF30 	EQU 	324
ENDIF31 	EQU 	322
ENDIF4 	EQU 	888
ENDIF5 	EQU 	946
ENDIF6 	EQU 	560
ENDIF7 	EQU 	694
ENDIF8 	EQU 	694
ENDP0 	EQU 	3
ENDP1 	EQU 	4
ENDP2 	EQU 	5
ENDP3 	EQU 	6
EPCONDIS 	EQU 	3
EPHSHK 	EQU 	4
EPINEN 	EQU 	1
EPOUTEN 	EQU 	2
EPSTALL 	EQU 	0
F 	EQU 	1
FERR 	EQU 	2
FLTS 	EQU 	2
FN_USDISTANCE 	EQU 	1104
FREE 	EQU 	4
FRM0 	EQU 	0
FRM1 	EQU 	1
FRM10 	EQU 	2
FRM2 	EQU 	2
FRM3 	EQU 	3
FRM4 	EQU 	4
FRM5 	EQU 	5
FRM6 	EQU 	6
FRM7 	EQU 	7
FRM8 	EQU 	0
FRM9 	EQU 	1
FSEN 	EQU 	2
FSR0H 	EQU 	4074
FSR0L 	EQU 	4073
FSR1H 	EQU 	4066
FSR1L 	EQU 	4065
FSR2H 	EQU 	4058
FSR2L 	EQU 	4057
GCEN 	EQU 	7
GIE 	EQU 	7
GIEH 	EQU 	7
GIEL 	EQU 	6
GIE_GIEH 	EQU 	7
GO 	EQU 	1
GO_DONE 	EQU 	1
GO_NOT_DONE 	EQU 	1
HI2CACKPOLLSTATE 	EQU 	15
HI2CCURRENTMODE 	EQU 	16
HI2CINIT 	EQU 	146
HI2CMODE 	EQU 	150
HI2CSEND 	EQU 	210
HI2CSTART 	EQU 	250
HI2CSTOP 	EQU 	270
HI2CWAITMSSP 	EQU 	296
HI2CWAITMSSPTIMEOUT 	EQU 	17
HI2CWAITMSSPWAIT 	EQU 	298
HLVDCON 	EQU 	4050
HLVDEN 	EQU 	4
HLVDIE 	EQU 	2
HLVDIF 	EQU 	2
HLVDIN 	EQU 	5
HLVDIP 	EQU 	2
HLVDL0 	EQU 	0
HLVDL1 	EQU 	1
HLVDL2 	EQU 	2
HLVDL3 	EQU 	3
I2CBYTE 	EQU 	18
I2C_DAT 	EQU 	5
I2C_LCD_BYTE 	EQU 	19
I2C_READ 	EQU 	2
I2C_START 	EQU 	3
I2C_STOP 	EQU 	4
IDLEIE 	EQU 	4
IDLEIF 	EQU 	4
IDLEN 	EQU 	7
INDF0 	EQU 	4079
INDF1 	EQU 	4071
INDF2 	EQU 	4063
INITI2CLCD 	EQU 	326
INITLCD 	EQU 	464
INITSYS 	EQU 	502
INITUSSENSOR 	EQU 	544
INT0 	EQU 	0
INT0E 	EQU 	4
INT0F 	EQU 	1
INT0IE 	EQU 	4
INT0IF 	EQU 	1
INT1 	EQU 	1
INT1E 	EQU 	3
INT1F 	EQU 	0
INT1IE 	EQU 	3
INT1IF 	EQU 	0
INT1IP 	EQU 	6
INT1P 	EQU 	6
INT2 	EQU 	2
INT2E 	EQU 	4
INT2F 	EQU 	1
INT2IE 	EQU 	4
INT2IF 	EQU 	1
INT2IP 	EQU 	7
INT2P 	EQU 	7
INTCON 	EQU 	4082
INTCON2 	EQU 	4081
INTCON3 	EQU 	4080
INTEDG0 	EQU 	6
INTEDG1 	EQU 	5
INTEDG2 	EQU 	4
INTSRC 	EQU 	7
IOFS 	EQU 	2
IPEN 	EQU 	7
IPR1 	EQU 	3999
IPR2 	EQU 	4002
IRCF0 	EQU 	4
IRCF1 	EQU 	5
IRCF2 	EQU 	6
IRVST 	EQU 	5
IVRST 	EQU 	5
LATA 	EQU 	3977
LATA0 	EQU 	0
LATA1 	EQU 	1
LATA2 	EQU 	2
LATA3 	EQU 	3
LATA4 	EQU 	4
LATA5 	EQU 	5
LATA6 	EQU 	6
LATB 	EQU 	3978
LATB0 	EQU 	0
LATB1 	EQU 	1
LATB2 	EQU 	2
LATB3 	EQU 	3
LATB4 	EQU 	4
LATB5 	EQU 	5
LATB6 	EQU 	6
LATB7 	EQU 	7
LATC 	EQU 	3979
LATC0 	EQU 	0
LATC1 	EQU 	1
LATC2 	EQU 	2
LATC6 	EQU 	6
LATC7 	EQU 	7
LATD 	EQU 	3980
LATD0 	EQU 	0
LATD1 	EQU 	1
LATD2 	EQU 	2
LATD3 	EQU 	3
LATD4 	EQU 	4
LATD5 	EQU 	5
LATD6 	EQU 	6
LATD7 	EQU 	7
LATE 	EQU 	3981
LATE0 	EQU 	0
LATE1 	EQU 	1
LATE2 	EQU 	2
LCDBYTE 	EQU 	20
LCDNORMALWRITEBYTE 	EQU 	550
LCDPRINTWORD10 	EQU 	910
LCDPRINTWORD100 	EQU 	850
LCDPRINTWORD1000 	EQU 	788
LCDVALUE 	EQU 	21
LCDVALUETEMP 	EQU 	23
LCDVALUE_H 	EQU 	22
LCD_BACKLIGHT 	EQU 	24
LCD_I2C_ADDRESS_CURRENT 	EQU 	25
LCD_STATE 	EQU 	26
LVDCON 	EQU 	4050
LVDCON_BGST 	EQU 	5
LVDCON_HLVDEN 	EQU 	4
LVDCON_HLVDL0 	EQU 	0
LVDCON_HLVDL1 	EQU 	1
LVDCON_HLVDL2 	EQU 	2
LVDCON_HLVDL3 	EQU 	3
LVDCON_IRVST 	EQU 	5
LVDCON_IVRST 	EQU 	5
LVDCON_LVDEN 	EQU 	4
LVDCON_LVDL0 	EQU 	0
LVDCON_LVDL1 	EQU 	1
LVDCON_LVDL2 	EQU 	2
LVDCON_LVDL3 	EQU 	3
LVDCON_LVV0 	EQU 	0
LVDCON_LVV1 	EQU 	1
LVDCON_LVV2 	EQU 	2
LVDCON_LVV3 	EQU 	3
LVDCON_VDIRMAG 	EQU 	7
LVDEN 	EQU 	4
LVDIE 	EQU 	2
LVDIF 	EQU 	2
LVDIN 	EQU 	5
LVDIP 	EQU 	2
LVDL0 	EQU 	0
LVDL1 	EQU 	1
LVDL2 	EQU 	2
LVDL3 	EQU 	3
LVV0 	EQU 	0
LVV1 	EQU 	1
LVV2 	EQU 	2
LVV3 	EQU 	3
N 	EQU 	4
NOT_A 	EQU 	5
NOT_ADDRESS 	EQU 	5
NOT_BOR 	EQU 	0
NOT_DONE 	EQU 	1
NOT_IPEN 	EQU 	7
NOT_PD 	EQU 	2
NOT_POR 	EQU 	1
NOT_RBPU 	EQU 	7
NOT_RI 	EQU 	4
NOT_T1SYNC 	EQU 	2
NOT_T3SYNC 	EQU 	2
NOT_TO 	EQU 	3
NOT_W 	EQU 	2
NOT_WRITE 	EQU 	2
OERR 	EQU 	1
OESPP 	EQU 	2
OSC2 	EQU 	6
OSCCON 	EQU 	4051
OSCFIE 	EQU 	7
OSCFIF 	EQU 	7
OSCFIP 	EQU 	7
OSCTUNE 	EQU 	3995
OSTS 	EQU 	3
OV 	EQU 	3
P 	EQU 	4
P1A 	EQU 	2
P1M0 	EQU 	6
P1M1 	EQU 	7
PC 	EQU 	4089
PCFG0 	EQU 	0
PCFG1 	EQU 	1
PCFG2 	EQU 	2
PCFG3 	EQU 	3
PCL 	EQU 	4089
PCLATH 	EQU 	4090
PCLATU 	EQU 	4091
PD 	EQU 	2
PDC0 	EQU 	0
PDC1 	EQU 	1
PDC2 	EQU 	2
PDC3 	EQU 	3
PDC4 	EQU 	4
PDC5 	EQU 	5
PDC6 	EQU 	6
PEIE 	EQU 	6
PEIE_GIEL 	EQU 	6
PEN 	EQU 	2
PGC 	EQU 	6
PGD 	EQU 	7
PGM 	EQU 	5
PIDEE 	EQU 	0
PIDEF 	EQU 	0
PIE1 	EQU 	3997
PIE2 	EQU 	4000
PIR1 	EQU 	3998
PIR2 	EQU 	4001
PKTDIS 	EQU 	4
PLUSW0 	EQU 	4075
PLUSW1 	EQU 	4067
PLUSW2 	EQU 	4059
POR 	EQU 	1
PORTA 	EQU 	3968
PORTB 	EQU 	3969
PORTC 	EQU 	3970
PORTD 	EQU 	3971
PORTE 	EQU 	3972
POSTDEC0 	EQU 	4077
POSTDEC1 	EQU 	4069
POSTDEC2 	EQU 	4061
POSTINC0 	EQU 	4078
POSTINC1 	EQU 	4070
POSTINC2 	EQU 	4062
PPB0 	EQU 	0
PPB1 	EQU 	1
PPBI 	EQU 	1
PPBRST 	EQU 	6
PR2 	EQU 	4043
PREINC0 	EQU 	4076
PREINC1 	EQU 	4068
PREINC2 	EQU 	4060
PRINT120 	EQU 	696
PROD 	EQU 	4083
PRODH 	EQU 	4084
PRODL 	EQU 	4083
PRSEN 	EQU 	7
PSA 	EQU 	3
PSSAC0 	EQU 	2
PSSAC1 	EQU 	3
PSSBD0 	EQU 	0
PSSBD1 	EQU 	1
R 	EQU 	2
RA0 	EQU 	0
RA1 	EQU 	1
RA2 	EQU 	2
RA3 	EQU 	3
RA4 	EQU 	4
RA5 	EQU 	5
RA6 	EQU 	6
RB0 	EQU 	0
RB1 	EQU 	1
RB2 	EQU 	2
RB3 	EQU 	3
RB4 	EQU 	4
RB5 	EQU 	5
RB6 	EQU 	6
RB7 	EQU 	7
RBIE 	EQU 	3
RBIF 	EQU 	0
RBIP 	EQU 	0
RBPU 	EQU 	7
RC0 	EQU 	0
RC1 	EQU 	1
RC2 	EQU 	2
RC4 	EQU 	4
RC5 	EQU 	5
RC6 	EQU 	6
RC7 	EQU 	7
RCEN 	EQU 	3
RCIDL 	EQU 	6
RCIE 	EQU 	5
RCIF 	EQU 	5
RCIP 	EQU 	5
RCMT 	EQU 	6
RCON 	EQU 	4048
RCREG 	EQU 	4014
RCSTA 	EQU 	4011
RD 	EQU 	0
RD0 	EQU 	0
RD1 	EQU 	1
RD16 	EQU 	7
RD2 	EQU 	2
RD3 	EQU 	3
RD4 	EQU 	4
RD5 	EQU 	5
RD6 	EQU 	6
RD7 	EQU 	7
RDPU 	EQU 	7
RDSPP 	EQU 	7
RE0 	EQU 	0
RE1 	EQU 	1
RE2 	EQU 	2
RE3 	EQU 	3
READ_WRITE 	EQU 	2
RESUME 	EQU 	2
RETRYHI2CSEND 	EQU 	210
RI 	EQU 	4
RSEN 	EQU 	1
RX 	EQU 	7
RX9 	EQU 	6
RX9D 	EQU 	0
RXDTP 	EQU 	5
R_NOT_W 	EQU 	2
R_W 	EQU 	2
S 	EQU 	3
SBOREN 	EQU 	6
SCKP 	EQU 	4
SCLT16TRUE 	EQU 	996
SCS0 	EQU 	0
SCS1 	EQU 	1
SE0 	EQU 	5
SEN 	EQU 	0
SENDB 	EQU 	3
SMP 	EQU 	7
SOFIE 	EQU 	6
SOFIF 	EQU 	6
SPBRG 	EQU 	4015
SPBRGH 	EQU 	4016
SPEN 	EQU 	7
SPP0 	EQU 	0
SPP1 	EQU 	1
SPP2 	EQU 	2
SPP3 	EQU 	3
SPP4 	EQU 	4
SPP5 	EQU 	5
SPP6 	EQU 	6
SPP7 	EQU 	7
SPPBUSY 	EQU 	4
SPPCFG 	EQU 	3939
SPPCON 	EQU 	3941
SPPDATA 	EQU 	3938
SPPEN 	EQU 	0
SPPEPS 	EQU 	3940
SPPIE 	EQU 	7
SPPIF 	EQU 	7
SPPIP 	EQU 	7
SPPOWN 	EQU 	1
SREN 	EQU 	5
SSPADD 	EQU 	4040
SSPBUF 	EQU 	4041
SSPCON1 	EQU 	4038
SSPCON2 	EQU 	4037
SSPEN 	EQU 	5
SSPIE 	EQU 	3
SSPIF 	EQU 	3
SSPIP 	EQU 	3
SSPM0 	EQU 	0
SSPM1 	EQU 	1
SSPM2 	EQU 	2
SSPM3 	EQU 	3
SSPOV 	EQU 	6
SSPSTAT 	EQU 	4039
STALLIE 	EQU 	5
STALLIF 	EQU 	5
STATUS 	EQU 	4056
STKFUL 	EQU 	7
STKOVF 	EQU 	7
STKPTR 	EQU 	4092
STKPTR0 	EQU 	0
STKPTR1 	EQU 	1
STKPTR2 	EQU 	2
STKPTR3 	EQU 	3
STKPTR4 	EQU 	4
STKUNF 	EQU 	6
SUSPND 	EQU 	1
SWDTE 	EQU 	0
SWDTEN 	EQU 	0
SYNC 	EQU 	4
SYSBYTETEMPX 	EQU 	0
SYSCALCTEMPX 	EQU 	0
SYSCALCTEMPX_H 	EQU 	1
SYSCOMPEQUAL16 	EQU 	954
SYSCOMPLESSTHAN16 	EQU 	972
SYSDIV16START 	EQU 	1048
SYSDIVLOOP 	EQU 	4
SYSDIVMULTA 	EQU 	7
SYSDIVMULTA_H 	EQU 	8
SYSDIVMULTB 	EQU 	11
SYSDIVMULTB_H 	EQU 	12
SYSDIVMULTX 	EQU 	2
SYSDIVMULTX_H 	EQU 	3
SYSDIVSUB16 	EQU 	1000
SYSDOLOOP_E1 	EQU 	66
SYSDOLOOP_E2 	EQU 	1162
SYSDOLOOP_S1 	EQU 	30
SYSDOLOOP_S2 	EQU 	1122
SYSLCDTEMP 	EQU 	27
SYSREPEATLOOP1 	EQU 	486
SYSREPEATLOOPEND1 	EQU 	496
SYSREPEATTEMP1 	EQU 	28
SYSTEMP1 	EQU 	29
SYSTEMP1_H 	EQU 	30
SYSWAITLOOP1 	EQU 	1118
SYSWAITLOOP2 	EQU 	264
SYSWAITLOOP3 	EQU 	278
SYSWAITLOOP4 	EQU 	290
SYSWAITTEMP10US 	EQU 	5
SYSWAITTEMPMS 	EQU 	2
SYSWAITTEMPMS_H 	EQU 	3
SYSWAITTEMPUS 	EQU 	5
SYSWAITTEMPUS_H 	EQU 	6
SYSWORDTEMPA 	EQU 	5
SYSWORDTEMPA_H 	EQU 	6
SYSWORDTEMPB 	EQU 	9
SYSWORDTEMPB_H 	EQU 	10
SYSWORDTEMPX 	EQU 	0
SYSWORDTEMPX_H 	EQU 	1
T08BIT 	EQU 	6
T0CKI 	EQU 	4
T0CON 	EQU 	4053
T0CS 	EQU 	5
T0IE 	EQU 	5
T0IF 	EQU 	2
T0IP 	EQU 	2
T0PS0 	EQU 	0
T0PS1 	EQU 	1
T0PS2 	EQU 	2
T0SE 	EQU 	4
T13CKI 	EQU 	0
T1CKPS0 	EQU 	4
T1CKPS1 	EQU 	5
T1CON 	EQU 	4045
T1OSCEN 	EQU 	3
T1OSI 	EQU 	1
T1OSO 	EQU 	0
T1RUN 	EQU 	6
T1SYNC 	EQU 	2
T2CKPS0 	EQU 	0
T2CKPS1 	EQU 	1
T2CON 	EQU 	4042
T2OUTPS0 	EQU 	3
T2OUTPS1 	EQU 	4
T2OUTPS2 	EQU 	5
T2OUTPS3 	EQU 	6
T3CCP1 	EQU 	3
T3CCP2 	EQU 	6
T3CKPS0 	EQU 	4
T3CKPS1 	EQU 	5
T3CON 	EQU 	4017
T3CON_RD16 	EQU 	7
T3NSYNC 	EQU 	2
T3SYNC 	EQU 	2
TABLAT 	EQU 	4085
TBLPTR 	EQU 	4086
TBLPTRH 	EQU 	4087
TBLPTRL 	EQU 	4086
TBLPTRU 	EQU 	4088
TMR0 	EQU 	4054
TMR0H 	EQU 	4055
TMR0IE 	EQU 	5
TMR0IF 	EQU 	2
TMR0IP 	EQU 	2
TMR0L 	EQU 	4054
TMR0ON 	EQU 	7
TMR1 	EQU 	4046
TMR1CS 	EQU 	1
TMR1H 	EQU 	4047
TMR1IE 	EQU 	0
TMR1IF 	EQU 	0
TMR1IP 	EQU 	0
TMR1L 	EQU 	4046
TMR1ON 	EQU 	0
TMR2 	EQU 	4044
TMR2IE 	EQU 	1
TMR2IF 	EQU 	1
TMR2IP 	EQU 	1
TMR2ON 	EQU 	2
TMR3 	EQU 	4018
TMR3CS 	EQU 	1
TMR3H 	EQU 	4019
TMR3IE 	EQU 	1
TMR3IF 	EQU 	1
TMR3IP 	EQU 	1
TMR3L 	EQU 	4018
TMR3ON 	EQU 	0
TO 	EQU 	3
TOS 	EQU 	4093
TOSH 	EQU 	4094
TOSL 	EQU 	4093
TOSU 	EQU 	4095
TOUTPS0 	EQU 	3
TOUTPS1 	EQU 	4
TOUTPS2 	EQU 	5
TOUTPS3 	EQU 	6
TRISA 	EQU 	3986
TRISA0 	EQU 	0
TRISA1 	EQU 	1
TRISA2 	EQU 	2
TRISA3 	EQU 	3
TRISA4 	EQU 	4
TRISA5 	EQU 	5
TRISA6 	EQU 	6
TRISA_RA0 	EQU 	0
TRISA_RA1 	EQU 	1
TRISA_RA2 	EQU 	2
TRISA_RA3 	EQU 	3
TRISA_RA4 	EQU 	4
TRISA_RA5 	EQU 	5
TRISA_RA6 	EQU 	6
TRISA_TRISA0 	EQU 	0
TRISA_TRISA1 	EQU 	1
TRISA_TRISA2 	EQU 	2
TRISA_TRISA3 	EQU 	3
TRISA_TRISA4 	EQU 	4
TRISA_TRISA5 	EQU 	5
TRISA_TRISA6 	EQU 	6
TRISB 	EQU 	3987
TRISB0 	EQU 	0
TRISB1 	EQU 	1
TRISB2 	EQU 	2
TRISB3 	EQU 	3
TRISB4 	EQU 	4
TRISB5 	EQU 	5
TRISB6 	EQU 	6
TRISB7 	EQU 	7
TRISB_RB0 	EQU 	0
TRISB_RB1 	EQU 	1
TRISB_RB2 	EQU 	2
TRISB_RB3 	EQU 	3
TRISB_RB4 	EQU 	4
TRISB_RB5 	EQU 	5
TRISB_RB6 	EQU 	6
TRISB_RB7 	EQU 	7
TRISB_TRISB0 	EQU 	0
TRISB_TRISB1 	EQU 	1
TRISB_TRISB2 	EQU 	2
TRISB_TRISB3 	EQU 	3
TRISB_TRISB4 	EQU 	4
TRISB_TRISB5 	EQU 	5
TRISB_TRISB6 	EQU 	6
TRISB_TRISB7 	EQU 	7
TRISC 	EQU 	3988
TRISC0 	EQU 	0
TRISC1 	EQU 	1
TRISC2 	EQU 	2
TRISC6 	EQU 	6
TRISC7 	EQU 	7
TRISC_RC0 	EQU 	0
TRISC_RC1 	EQU 	1
TRISC_RC2 	EQU 	2
TRISC_RC6 	EQU 	6
TRISC_RC7 	EQU 	7
TRISC_TRISC0 	EQU 	0
TRISC_TRISC1 	EQU 	1
TRISC_TRISC2 	EQU 	2
TRISC_TRISC6 	EQU 	6
TRISC_TRISC7 	EQU 	7
TRISD 	EQU 	3989
TRISD0 	EQU 	0
TRISD1 	EQU 	1
TRISD2 	EQU 	2
TRISD3 	EQU 	3
TRISD4 	EQU 	4
TRISD5 	EQU 	5
TRISD6 	EQU 	6
TRISD7 	EQU 	7
TRISD_RD0 	EQU 	0
TRISD_RD1 	EQU 	1
TRISD_RD2 	EQU 	2
TRISD_RD3 	EQU 	3
TRISD_RD4 	EQU 	4
TRISD_RD5 	EQU 	5
TRISD_RD6 	EQU 	6
TRISD_RD7 	EQU 	7
TRISD_TRISD0 	EQU 	0
TRISD_TRISD1 	EQU 	1
TRISD_TRISD2 	EQU 	2
TRISD_TRISD3 	EQU 	3
TRISD_TRISD4 	EQU 	4
TRISD_TRISD5 	EQU 	5
TRISD_TRISD6 	EQU 	6
TRISD_TRISD7 	EQU 	7
TRISE 	EQU 	3990
TRISE0 	EQU 	0
TRISE1 	EQU 	1
TRISE2 	EQU 	2
TRISE_RE0 	EQU 	0
TRISE_RE1 	EQU 	1
TRISE_RE2 	EQU 	2
TRISE_TRISE0 	EQU 	0
TRISE_TRISE1 	EQU 	1
TRISE_TRISE2 	EQU 	2
TRMT 	EQU 	1
TRNIE 	EQU 	3
TRNIF 	EQU 	3
TUN0 	EQU 	0
TUN1 	EQU 	1
TUN2 	EQU 	2
TUN3 	EQU 	3
TUN4 	EQU 	4
TX 	EQU 	6
TX9 	EQU 	6
TX9D 	EQU 	0
TXCKP 	EQU 	4
TXEN 	EQU 	5
TXIE 	EQU 	4
TXIF 	EQU 	4
TXIP 	EQU 	4
TXREG 	EQU 	4013
TXSTA 	EQU 	4012
UA 	EQU 	1
UADDR 	EQU 	3950
UADDR_ADDR0 	EQU 	0
UADDR_ADDR1 	EQU 	1
UADDR_ADDR2 	EQU 	2
UADDR_ADDR3 	EQU 	3
UCFG 	EQU 	3951
UCON 	EQU 	3949
UEIE 	EQU 	3947
UEIR 	EQU 	3946
UEP0 	EQU 	3952
UEP0_EPCONDIS 	EQU 	3
UEP0_EPHSHK 	EQU 	4
UEP0_EPINEN 	EQU 	1
UEP0_EPOUTEN 	EQU 	2
UEP0_EPSTALL 	EQU 	0
UEP1 	EQU 	3953
UEP10 	EQU 	3962
UEP10_EPCONDIS 	EQU 	3
UEP10_EPHSHK 	EQU 	4
UEP10_EPINEN 	EQU 	1
UEP10_EPOUTEN 	EQU 	2
UEP10_EPSTALL 	EQU 	0
UEP11 	EQU 	3963
UEP11_EPCONDIS 	EQU 	3
UEP11_EPHSHK 	EQU 	4
UEP11_EPINEN 	EQU 	1
UEP11_EPOUTEN 	EQU 	2
UEP11_EPSTALL 	EQU 	0
UEP12 	EQU 	3964
UEP12_EPCONDIS 	EQU 	3
UEP12_EPHSHK 	EQU 	4
UEP12_EPINEN 	EQU 	1
UEP12_EPOUTEN 	EQU 	2
UEP12_EPSTALL 	EQU 	0
UEP13 	EQU 	3965
UEP13_EPCONDIS 	EQU 	3
UEP13_EPHSHK 	EQU 	4
UEP13_EPINEN 	EQU 	1
UEP13_EPOUTEN 	EQU 	2
UEP13_EPSTALL 	EQU 	0
UEP14 	EQU 	3966
UEP14_EPCONDIS 	EQU 	3
UEP14_EPHSHK 	EQU 	4
UEP14_EPINEN 	EQU 	1
UEP14_EPOUTEN 	EQU 	2
UEP14_EPSTALL 	EQU 	0
UEP15 	EQU 	3967
UEP15_EPCONDIS 	EQU 	3
UEP15_EPHSHK 	EQU 	4
UEP15_EPINEN 	EQU 	1
UEP15_EPOUTEN 	EQU 	2
UEP15_EPSTALL 	EQU 	0
UEP2 	EQU 	3954
UEP2_EPCONDIS 	EQU 	3
UEP2_EPHSHK 	EQU 	4
UEP2_EPINEN 	EQU 	1
UEP2_EPOUTEN 	EQU 	2
UEP2_EPSTALL 	EQU 	0
UEP3 	EQU 	3955
UEP3_EPCONDIS 	EQU 	3
UEP3_EPHSHK 	EQU 	4
UEP3_EPINEN 	EQU 	1
UEP3_EPOUTEN 	EQU 	2
UEP3_EPSTALL 	EQU 	0
UEP4 	EQU 	3956
UEP4_EPCONDIS 	EQU 	3
UEP4_EPHSHK 	EQU 	4
UEP4_EPINEN 	EQU 	1
UEP4_EPOUTEN 	EQU 	2
UEP4_EPSTALL 	EQU 	0
UEP5 	EQU 	3957
UEP5_EPCONDIS 	EQU 	3
UEP5_EPHSHK 	EQU 	4
UEP5_EPINEN 	EQU 	1
UEP5_EPOUTEN 	EQU 	2
UEP5_EPSTALL 	EQU 	0
UEP6 	EQU 	3958
UEP6_EPCONDIS 	EQU 	3
UEP6_EPHSHK 	EQU 	4
UEP6_EPINEN 	EQU 	1
UEP6_EPOUTEN 	EQU 	2
UEP6_EPSTALL 	EQU 	0
UEP7 	EQU 	3959
UEP7_EPCONDIS 	EQU 	3
UEP7_EPHSHK 	EQU 	4
UEP7_EPINEN 	EQU 	1
UEP7_EPOUTEN 	EQU 	2
UEP7_EPSTALL 	EQU 	0
UEP8 	EQU 	3960
UEP8_EPCONDIS 	EQU 	3
UEP8_EPHSHK 	EQU 	4
UEP8_EPINEN 	EQU 	1
UEP8_EPOUTEN 	EQU 	2
UEP8_EPSTALL 	EQU 	0
UEP9 	EQU 	3961
UEP9_EPCONDIS 	EQU 	3
UEP9_EPHSHK 	EQU 	4
UEP9_EPINEN 	EQU 	1
UEP9_EPOUTEN 	EQU 	2
UEP9_EPSTALL 	EQU 	0
UERRIE 	EQU 	1
UERRIF 	EQU 	1
UFRM 	EQU 	3942
UFRMH 	EQU 	3943
UFRML 	EQU 	3942
UIE 	EQU 	3945
UIR 	EQU 	3944
UOEMON 	EQU 	6
UPUEN 	EQU 	4
URSTIE 	EQU 	0
URSTIF 	EQU 	0
USBEN 	EQU 	3
USBIE 	EQU 	5
USBIF 	EQU 	5
USBIP 	EQU 	5
USDISTANCE 	EQU 	31
USDISTANCE_H 	EQU 	32
USTAT 	EQU 	3948
US_SENSOR 	EQU 	33
UTEYE 	EQU 	7
UTRDIS 	EQU 	3
VCFG0 	EQU 	4
VCFG1 	EQU 	5
VDIRMAG 	EQU 	7
VREFM 	EQU 	2
VREFP 	EQU 	3
W 	EQU 	0
WCOL 	EQU 	7
WDTCON 	EQU 	4049
WR 	EQU 	1
WREG 	EQU 	4072
WREN 	EQU 	2
WRERR 	EQU 	3
WRSPP 	EQU 	6
WS0 	EQU 	0
WS1 	EQU 	1
WS2 	EQU 	2
WS3 	EQU 	3
WUE 	EQU 	1
Z 	EQU 	2

Code:
Loc	Obj Code	Original Assembly













































	K	1111 KKKK KKKK KKKK:1110 1111 KKKK KKKK	12

	S	 0000 0000 0001 000S	0



		BASPROGRAMSTART
	N	 1101 1NNN NNNN NNNN	244
	N	 1101 1NNN NNNN NNNN	65
	N	 1101 1NNN NNNN NNNN	263
	N	 1101 1NNN NNNN NNNN	222

	F	 1000 BBBA FFFF FFFF	3987
	B	 1000 BBBA 1001 0011	0
	A	 1000 000A 1001 0011	0
	F	 1000 BBBA FFFF FFFF	3987
	B	 1000 BBBA 1001 0011	1
	A	 1000 001A 1001 0011	0
	K	 0000 1110 KKKK KKKK	12
	F	 0110 111A FFFF FFFF	16
	A	 0110 111A 0001 0000	0
	N	 1101 1NNN NNNN NNNN	60
		SYSDOLOOP_S1
	K	 0000 1110 KKKK KKKK	1
	F	 0110 111A FFFF FFFF	33
	A	 0110 111A 0010 0001	0
	N	 1101 1NNN NNNN NNNN	534
	S	1111 DDDD DDDD DDDD:1100 SSSS SSSS SSSS	31
	D	1111 DDDD DDDD DDDD:1100 0000 0001 1111	13
	S	1111 DDDD DDDD DDDD:1100 SSSS SSSS SSSS	32
	D	1111 DDDD DDDD DDDD:1100 0000 0010 0000	14
	N	 1101 1NNN NNNN NNNN	12
	S	1111 DDDD DDDD DDDD:1100 SSSS SSSS SSSS	13
	D	1111 DDDD DDDD DDDD:1100 0000 0000 1101	21
	S	1111 DDDD DDDD DDDD:1100 SSSS SSSS SSSS	14
	D	1111 DDDD DDDD DDDD:1100 0000 0000 1110	22
	N	 1101 1NNN NNNN NNNN	320
	K	 0000 1110 KKKK KKKK	250
	F	 0110 111A FFFF FFFF	2
	A	 0110 111A 0000 0010	0
	F	 0110 101A FFFF FFFF	3
	A	 0110 101A 0000 0011	0
	N	 1101 1NNN NNNN NNNN	27
	N	 1101 0NNN NNNN NNNN	2030
		SYSDOLOOP_E1
		BASPROGRAMEND
	N	 1101 0NNN NNNN NNNN	2046


		CLS
	F	 1001 BBBA FFFF FFFF	27
	B	 1001 BBBA 0001 1011	1
	A	 1001 001A 0001 1011	0
	K	 0000 1110 KKKK KKKK	1
	F	 0110 111A FFFF FFFF	20
	A	 0110 111A 0001 0100	0
	N	 1101 1NNN NNNN NNNN	236
	K	 0000 1110 KKKK KKKK	4
	F	 0110 111A FFFF FFFF	2
	A	 0110 111A 0000 0010	0
	F	 0110 101A FFFF FFFF	3
	A	 0110 101A 0000 0011	0
	N	 1101 1NNN NNNN NNNN	16
	K	 0000 1110 KKKK KKKK	128
	F	 0110 111A FFFF FFFF	20
	A	 0110 111A 0001 0100	0
	N	 1101 1NNN NNNN NNNN	229
	K	 0000 1110 KKKK KKKK	33
	F	 0110 111A FFFF FFFF	0
	A	 0110 111A 0000 0000	0
		DELAYUS2
	F	 0010 11DA FFFF FFFF	0
	D	 0010 11DA 0000 0000	1
	A	 0010 111A 0000 0000	0
	N	 1101 0NNN NNNN NNNN	2046
	S	 0000 0000 0001 001S	0


		DELAY_10US
		D10US_START
	K	 0000 1110 KKKK KKKK	5
	F	 0110 111A FFFF FFFF	0
	A	 0110 111A 0000 0000	0
		DELAYUS0
	F	 0010 11DA FFFF FFFF	0
	D	 0010 11DA 0000 0000	1
	A	 0010 111A 0000 0000	0
	N	 1101 0NNN NNNN NNNN	2046
	F	 0010 11DA FFFF FFFF	5
	D	 0010 11DA 0000 0101	1
	A	 0010 111A 0000 0101	0
	N	 1101 0NNN NNNN NNNN	2041
	S	 0000 0000 0001 001S	0


		DELAY_MS
	F	 0010 10DA FFFF FFFF	3
	D	 0010 10DA 0000 0011	1
	A	 0010 101A 0000 0011	0
		DMS_START
	K	 0000 1110 KKKK KKKK	4
	F	 0110 111A FFFF FFFF	1
	A	 0110 111A 0000 0001	0
		DMS_OUTER
	K	 0000 1110 KKKK KKKK	165
	F	 0110 111A FFFF FFFF	0
	A	 0110 111A 0000 0000	0
		DMS_INNER
	F	 0010 11DA FFFF FFFF	0
	D	 0010 11DA 0000 0000	1
	A	 0010 111A 0000 0000	0
	N	 1101 0NNN NNNN NNNN	2046
	F	 0010 11DA FFFF FFFF	1
	D	 0010 11DA 0000 0001	1
	A	 0010 111A 0000 0001	0
	N	 1101 0NNN NNNN NNNN	2042
	F	 0010 11DA FFFF FFFF	2
	D	 0010 11DA 0000 0010	1
	A	 0010 111A 0000 0010	0
	N	 1101 0NNN NNNN NNNN	2038
	F	 0010 11DA FFFF FFFF	3
	D	 0010 11DA 0000 0011	1
	A	 0010 111A 0000 0011	0
	N	 1101 0NNN NNNN NNNN	2036
	S	 0000 0000 0001 001S	0


		HI2CINIT
	F	 0110 101A FFFF FFFF	16
	A	 0110 101A 0001 0000	0
	S	 0000 0000 0001 001S	0


		HI2CMODE
	F	 1000 BBBA FFFF FFFF	4039
	B	 1000 BBBA 1100 0111	7
	A	 1000 111A 1100 0111	0
	F	 1000 BBBA FFFF FFFF	4038
	B	 1000 BBBA 1100 0110	4
	A	 1000 100A 1100 0110	0
	F	 1001 BBBA FFFF FFFF	4038
	B	 1001 BBBA 1100 0110	7
	A	 1001 111A 1100 0110	0
	K	 0000 1110 KKKK KKKK	12
	F	 0101 11DA FFFF FFFF	16
	D	 0101 11DA 0001 0000	0
	A	 0101 110A 0001 0000	0
	F	 1010 BBBA FFFF FFFF	4056
	B	 1010 BBBA 1101 1000	2
	A	 1010 010A 1101 1000	0
	N	 1101 0NNN NNNN NNNN	6
	F	 1000 BBBA FFFF FFFF	4038
	B	 1000 BBBA 1100 0110	3
	A	 1000 011A 1100 0110	0
	F	 1001 BBBA FFFF FFFF	4038
	B	 1001 BBBA 1100 0110	2
	A	 1001 010A 1100 0110	0
	F	 1001 BBBA FFFF FFFF	4038
	B	 1001 BBBA 1100 0110	1
	A	 1001 001A 1100 0110	0
	F	 1001 BBBA FFFF FFFF	4038
	B	 1001 BBBA 1100 0110	0
	A	 1001 000A 1100 0110	0
	K	 0000 1110 KKKK KKKK	4
	F	 0110 111A FFFF FFFF	4040
	A	 0110 111A 1100 1000	0
		ENDIF21
	F	 0101 00DA FFFF FFFF	16
	D	 0101 00DA 0001 0000	1
	A	 0101 001A 0001 0000	0
	F	 1010 BBBA FFFF FFFF	4056
	B	 1010 BBBA 1101 1000	2
	A	 1010 010A 1101 1000	0
	N	 1101 0NNN NNNN NNNN	4
	F	 1001 BBBA FFFF FFFF	4038
	B	 1001 BBBA 1100 0110	3
	A	 1001 011A 1100 0110	0
	F	 1000 BBBA FFFF FFFF	4038
	B	 1000 BBBA 1100 0110	2
	A	 1000 010A 1100 0110	0
	F	 1000 BBBA FFFF FFFF	4038
	B	 1000 BBBA 1100 0110	1
	A	 1000 001A 1100 0110	0
	F	 1001 BBBA FFFF FFFF	4038
	B	 1001 BBBA 1100 0110	0
	A	 1001 000A 1100 0110	0
		ENDIF22
	K	 0000 1110 KKKK KKKK	3
	F	 0101 11DA FFFF FFFF	16
	D	 0101 11DA 0001 0000	0
	A	 0101 110A 0001 0000	0
	F	 1010 BBBA FFFF FFFF	4056
	B	 1010 BBBA 1101 1000	2
	A	 1010 010A 1101 1000	0
	N	 1101 0NNN NNNN NNNN	4
	F	 1001 BBBA FFFF FFFF	4038
	B	 1001 BBBA 1100 0110	3
	A	 1001 011A 1100 0110	0
	F	 1000 BBBA FFFF FFFF	4038
	B	 1000 BBBA 1100 0110	2
	A	 1000 010A 1100 0110	0
	F	 1000 BBBA FFFF FFFF	4038
	B	 1000 BBBA 1100 0110	1
	A	 1000 001A 1100 0110	0
	F	 1000 BBBA FFFF FFFF	4038
	B	 1000 BBBA 1100 0110	0
	A	 1000 000A 1100 0110	0
		ENDIF23
	F	 1000 BBBA FFFF FFFF	4038
	B	 1000 BBBA 1100 0110	5
	A	 1000 101A 1100 0110	0
	S	 0000 0000 0001 001S	0


		HI2CSEND
		RETRYHI2CSEND
	F	 1001 BBBA FFFF FFFF	4038
	B	 1001 BBBA 1100 0110	7
	A	 1001 111A 1100 0110	0
	S	1111 DDDD DDDD DDDD:1100 SSSS SSSS SSSS	18
	D	1111 DDDD DDDD DDDD:1100 0000 0001 0010	4041
	N	 1101 1NNN NNNN NNNN	39
	F	 1010 BBBA FFFF FFFF	4037
	B	 1010 BBBA 1100 0101	6
	A	 1010 110A 1100 0101	0
	N	 1101 0NNN NNNN NNNN	2
	F	 0110 100A FFFF FFFF	15
	A	 0110 100A 0000 1111	0
	N	 1101 0NNN NNNN NNNN	1
		ELSE26_1
	F	 0110 101A FFFF FFFF	15
	A	 0110 101A 0000 1111	0
		ENDIF26
	F	 1010 BBBA FFFF FFFF	4038
	B	 1010 BBBA 1100 0110	7
	A	 1010 111A 1100 0110	0
	N	 1101 0NNN NNNN NNNN	4
	F	 0101 00DA FFFF FFFF	16
	D	 0101 00DA 0001 0000	0
	A	 0101 000A 0001 0000	0
	K	 0000 1000 KKKK KKKK	10
	F	 1011 BBBA FFFF FFFF	4056
	B	 1011 BBBA 1101 1000	0
	A	 1011 000A 1101 1000	0
	N	 1101 0NNN NNNN NNNN	2033
		ENDIF27
	F	 0101 00DA FFFF FFFF	16
	D	 0101 00DA 0001 0000	0
	A	 0101 000A 0001 0000	0
	K	 0000 1000 KKKK KKKK	10
	F	 1011 BBBA FFFF FFFF	4056
	B	 1011 BBBA 1101 1000	0
	A	 1011 000A 1101 1000	0
	F	 1000 BBBA FFFF FFFF	4038
	B	 1000 BBBA 1100 0110	4
	A	 1000 100A 1100 0110	0
	S	 0000 0000 0001 001S	0


		HI2CSTART
	F	 0101 00DA FFFF FFFF	16
	D	 0101 00DA 0001 0000	0
	A	 0101 000A 0001 0000	0
	K	 0000 1000 KKKK KKKK	10
	F	 1011 BBBA FFFF FFFF	4056
	B	 1011 BBBA 1101 1000	0
	A	 1011 000A 1101 1000	0
	N	 1101 0NNN NNNN NNNN	3
	F	 1000 BBBA FFFF FFFF	4037
	B	 1000 BBBA 1100 0101	0
	A	 1000 000A 1100 0101	0
	N	 1101 1NNN NNNN NNNN	17
	N	 1101 0NNN NNNN NNNN	2
		ELSE24_1
		SYSWAITLOOP2
	F	 1010 BBBA FFFF FFFF	4039
	B	 1010 BBBA 1100 0111	3
	A	 1010 011A 1100 0111	0
	N	 1101 0NNN NNNN NNNN	2046
		ENDIF24
	S	 0000 0000 0001 001S	0


		HI2CSTOP
	F	 0101 00DA FFFF FFFF	16
	D	 0101 00DA 0001 0000	0
	A	 0101 000A 0001 0000	0
	K	 0000 1000 KKKK KKKK	10
	F	 1011 BBBA FFFF FFFF	4056
	B	 1011 BBBA 1101 1000	0
	A	 1011 000A 1101 1000	0
	N	 1101 0NNN NNNN NNNN	6
		SYSWAITLOOP3
	F	 1011 BBBA FFFF FFFF	4039
	B	 1011 BBBA 1100 0111	2
	A	 1011 010A 1100 0111	0
	N	 1101 0NNN NNNN NNNN	2046
	F	 1000 BBBA FFFF FFFF	4037
	B	 1000 BBBA 1100 0101	2
	A	 1000 010A 1100 0101	0
	F	 1000 BBBA FFFF FFFF	4037
	B	 1000 BBBA 1100 0101	2
	A	 1000 010A 1100 0101	0
	N	 1101 1NNN NNNN NNNN	4
	N	 1101 0NNN NNNN NNNN	2
		ELSE25_1
		SYSWAITLOOP4
	F	 1010 BBBA FFFF FFFF	4039
	B	 1010 BBBA 1100 0111	4
	A	 1010 100A 1100 0111	0
	N	 1101 0NNN NNNN NNNN	2046
		ENDIF25
	S	 0000 0000 0001 001S	0


		HI2CWAITMSSP
	F	 0110 101A FFFF FFFF	17
	A	 0110 101A 0001 0001	0
		HI2CWAITMSSPWAIT
	F	 0010 10DA FFFF FFFF	17
	D	 0010 10DA 0001 0001	1
	A	 0010 101A 0001 0001	0
	K	 0000 1110 KKKK KKKK	255
	F	 0101 11DA FFFF FFFF	17
	D	 0101 11DA 0001 0001	0
	A	 0101 110A 0001 0001	0
	F	 1011 BBBA FFFF FFFF	4056
	B	 1011 BBBA 1101 1000	0
	A	 1011 000A 1101 1000	0
	N	 1101 0NNN NNNN NNNN	8
	F	 1011 BBBA FFFF FFFF	3998
	B	 1011 BBBA 1001 1110	3
	A	 1011 011A 1001 1110	0
	N	 1101 0NNN NNNN NNNN	5
	N	 1101 0NNN NNNN NNNN	2036
		ENDIF31
	F	 1001 BBBA FFFF FFFF	3998
	B	 1001 BBBA 1001 1110	3
	A	 1001 011A 1001 1110	0
		ENDIF30
	S	 0000 0000 0001 001S	0


		INITI2CLCD
	K	 0000 1110 KKKK KKKK	15
	F	 0110 111A FFFF FFFF	2
	A	 0110 111A 0000 0010	0
	F	 0110 101A FFFF FFFF	3
	A	 0110 101A 0000 0011	0
	N	 1101 1NNN NNNN NNNN	1940
	F	 0110 101A FFFF FFFF	19
	A	 0110 101A 0001 0011	0
	K	 0000 1110 KKKK KKKK	3
	F	 0110 111A FFFF FFFF	20
	A	 0110 111A 0001 0100	0
	N	 1101 1NNN NNNN NNNN	104
	K	 0000 1110 KKKK KKKK	5
	F	 0110 111A FFFF FFFF	2
	A	 0110 111A 0000 0010	0
	F	 0110 101A FFFF FFFF	3
	A	 0110 101A 0000 0011	0
	N	 1101 1NNN NNNN NNNN	1932
	K	 0000 1110 KKKK KKKK	3
	F	 0110 111A FFFF FFFF	20
	A	 0110 111A 0001 0100	0
	N	 1101 1NNN NNNN NNNN	97
	K	 0000 1110 KKKK KKKK	1
	F	 0110 111A FFFF FFFF	2
	A	 0110 111A 0000 0010	0
	F	 0110 101A FFFF FFFF	3
	A	 0110 101A 0000 0011	0
	N	 1101 1NNN NNNN NNNN	1925
	K	 0000 1110 KKKK KKKK	3
	F	 0110 111A FFFF FFFF	20
	A	 0110 111A 0001 0100	0
	N	 1101 1NNN NNNN NNNN	90
	K	 0000 1110 KKKK KKKK	1
	F	 0110 111A FFFF FFFF	2
	A	 0110 111A 0000 0010	0
	F	 0110 101A FFFF FFFF	3
	A	 0110 101A 0000 0011	0
	N	 1101 1NNN NNNN NNNN	1918
	K	 0000 1110 KKKK KKKK	3
	F	 0110 111A FFFF FFFF	20
	A	 0110 111A 0001 0100	0
	N	 1101 1NNN NNNN NNNN	83
	K	 0000 1110 KKKK KKKK	1
	F	 0110 111A FFFF FFFF	2
	A	 0110 111A 0000 0010	0
	F	 0110 101A FFFF FFFF	3
	A	 0110 101A 0000 0011	0
	N	 1101 1NNN NNNN NNNN	1911
	K	 0000 1110 KKKK KKKK	2
	F	 0110 111A FFFF FFFF	20
	A	 0110 111A 0001 0100	0
	N	 1101 1NNN NNNN NNNN	76
	K	 0000 1110 KKKK KKKK	1
	F	 0110 111A FFFF FFFF	2
	A	 0110 111A 0000 0010	0
	F	 0110 101A FFFF FFFF	3
	A	 0110 101A 0000 0011	0
	N	 1101 1NNN NNNN NNNN	1904
	K	 0000 1110 KKKK KKKK	40
	F	 0110 111A FFFF FFFF	20
	A	 0110 111A 0001 0100	0
	N	 1101 1NNN NNNN NNNN	69
	K	 0000 1110 KKKK KKKK	1
	F	 0110 111A FFFF FFFF	2
	A	 0110 111A 0000 0010	0
	F	 0110 101A FFFF FFFF	3
	A	 0110 101A 0000 0011	0
	N	 1101 1NNN NNNN NNNN	1897
	K	 0000 1110 KKKK KKKK	12
	F	 0110 111A FFFF FFFF	20
	A	 0110 111A 0001 0100	0
	N	 1101 1NNN NNNN NNNN	62
	K	 0000 1110 KKKK KKKK	1
	F	 0110 111A FFFF FFFF	2
	A	 0110 111A 0000 0010	0
	F	 0110 101A FFFF FFFF	3
	A	 0110 101A 0000 0011	0
	N	 1101 1NNN NNNN NNNN	1890
	K	 0000 1110 KKKK KKKK	1
	F	 0110 111A FFFF FFFF	20
	A	 0110 111A 0001 0100	0
	N	 1101 1NNN NNNN NNNN	55
	K	 0000 1110 KKKK KKKK	15
	F	 0110 111A FFFF FFFF	2
	A	 0110 111A 0000 0010	0
	F	 0110 101A FFFF FFFF	3
	A	 0110 101A 0000 0011	0
	N	 1101 1NNN NNNN NNNN	1883
	K	 0000 1110 KKKK KKKK	6
	F	 0110 111A FFFF FFFF	20
	A	 0110 111A 0001 0100	0
	N	 1101 1NNN NNNN NNNN	48
	K	 0000 1110 KKKK KKKK	1
	F	 0110 111A FFFF FFFF	2
	A	 0110 111A 0000 0010	0
	F	 0110 101A FFFF FFFF	3
	A	 0110 101A 0000 0011	0
	N	 1101 1NNN NNNN NNNN	1876
	N	 1101 0NNN NNNN NNNN	1851


		INITLCD
	K	 0000 1110 KKKK KKKK	12
	F	 0110 111A FFFF FFFF	16
	A	 0110 111A 0001 0000	0
	N	 1101 1NNN NNNN NNNN	1888
	K	 0000 1110 KKKK KKKK	1
	F	 0110 111A FFFF FFFF	24
	A	 0110 111A 0001 1000	0
	K	 0000 1110 KKKK KKKK	2
	F	 0110 111A FFFF FFFF	2
	A	 0110 111A 0000 0010	0
	F	 0110 101A FFFF FFFF	3
	A	 0110 101A 0000 0011	0
	N	 1101 1NNN NNNN NNNN	1866
	K	 0000 1110 KKKK KKKK	2
	F	 0110 111A FFFF FFFF	28
	A	 0110 111A 0001 1100	0
		SYSREPEATLOOP1
	K	 0000 1110 KKKK KKKK	78
	F	 0110 111A FFFF FFFF	25
	A	 0110 111A 0001 1001	0
	N	 1101 1NNN NNNN NNNN	1965
	F	 0010 11DA FFFF FFFF	28
	D	 0010 11DA 0001 1100	1
	A	 0010 111A 0001 1100	0
	N	 1101 0NNN NNNN NNNN	2043
		SYSREPEATLOOPEND1
	K	 0000 1110 KKKK KKKK	12
	F	 0110 111A FFFF FFFF	26
	A	 0110 111A 0001 1010	0
	S	 0000 0000 0001 001S	0


		INITSYS
	K	 0000 0001 00KK KKKK	0
	K	 0000 1110 KKKK KKKK	143
	F	 0001 01DA FFFF FFFF	4051
	D	 0001 01DA 1101 0011	1
	A	 0001 011A 1101 0011	0
	F	 1000 BBBA FFFF FFFF	4051
	B	 1000 BBBA 1101 0011	6
	A	 1000 110A 1101 0011	0
	F	 1000 BBBA FFFF FFFF	4051
	B	 1000 BBBA 1101 0011	5
	A	 1000 101A 1101 0011	0
	F	 1000 BBBA FFFF FFFF	4051
	B	 1000 BBBA 1101 0011	4
	A	 1000 100A 1101 0011	0
	F	 0110 101A FFFF FFFF	4088
	A	 0110 101A 1111 1000	0
	F	 1001 BBBA FFFF FFFF	4032
	B	 1001 BBBA 1100 0000	7
	A	 1001 111A 1100 0000	0
	F	 1001 BBBA FFFF FFFF	4034
	B	 1001 BBBA 1100 0010	0
	A	 1001 000A 1100 0010	0
	F	 1000 BBBA FFFF FFFF	4033
	B	 1000 BBBA 1100 0001	3
	A	 1000 011A 1100 0001	0
	F	 1000 BBBA FFFF FFFF	4033
	B	 1000 BBBA 1100 0001	2
	A	 1000 010A 1100 0001	0
	F	 1000 BBBA FFFF FFFF	4033
	B	 1000 BBBA 1100 0001	1
	A	 1000 001A 1100 0001	0
	F	 1000 BBBA FFFF FFFF	4033
	B	 1000 BBBA 1100 0001	0
	A	 1000 000A 1100 0001	0
	K	 0000 1110 KKKK KKKK	7
	F	 0110 111A FFFF FFFF	4020
	A	 0110 111A 1011 0100	0
	F	 0110 101A FFFF FFFF	3968
	A	 0110 101A 1000 0000	0
	F	 0110 101A FFFF FFFF	3969
	A	 0110 101A 1000 0001	0
	F	 0110 101A FFFF FFFF	3970
	A	 0110 101A 1000 0010	0
	F	 0110 101A FFFF FFFF	3971
	A	 0110 101A 1000 0011	0
	F	 0110 101A FFFF FFFF	3972
	A	 0110 101A 1000 0100	0
	S	 0000 0000 0001 001S	0


		INITUSSENSOR
	F	 1001 BBBA FFFF FFFF	3988
	B	 1001 BBBA 1001 0100	7
	A	 1001 111A 1001 0100	0
	F	 1000 BBBA FFFF FFFF	3988
	B	 1000 BBBA 1001 0100	6
	A	 1000 110A 1001 0100	0
	S	 0000 0000 0001 001S	0


		LCDNORMALWRITEBYTE
	F	 1010 BBBA FFFF FFFF	27
	B	 1010 BBBA 0001 1011	1
	A	 1010 001A 0001 1011	0
	N	 1101 0NNN NNNN NNNN	2
	F	 1000 BBBA FFFF FFFF	19
	B	 1000 BBBA 0001 0011	0
	A	 1000 000A 0001 0011	0
	N	 1101 0NNN NNNN NNNN	1
		ELSE6_1
	F	 1001 BBBA FFFF FFFF	19
	B	 1001 BBBA 0001 0011	0
	A	 1001 000A 0001 0011	0
		ENDIF6
	F	 1001 BBBA FFFF FFFF	19
	B	 1001 BBBA 0001 0011	1
	A	 1001 001A 0001 0011	0
	F	 1001 BBBA FFFF FFFF	19
	B	 1001 BBBA 0001 0011	3
	A	 1001 011A 0001 0011	0
	F	 1011 BBBA FFFF FFFF	24
	B	 1011 BBBA 0001 1000	0
	A	 1011 000A 0001 1000	0
	F	 1000 BBBA FFFF FFFF	19
	B	 1000 BBBA 0001 0011	3
	A	 1000 011A 0001 0011	0
	N	 1101 1NNN NNNN NNNN	1888
	S	1111 DDDD DDDD DDDD:1100 SSSS SSSS SSSS	25
	D	1111 DDDD DDDD DDDD:1100 0000 0001 1001	18
	N	 1101 1NNN NNNN NNNN	1865
	F	 1001 BBBA FFFF FFFF	19
	B	 1001 BBBA 0001 0011	7
	A	 1001 111A 0001 0011	0
	F	 1011 BBBA FFFF FFFF	20
	B	 1011 BBBA 0001 0100	7
	A	 1011 111A 0001 0100	0
	F	 1000 BBBA FFFF FFFF	19
	B	 1000 BBBA 0001 0011	7
	A	 1000 111A 0001 0011	0
	F	 1001 BBBA FFFF FFFF	19
	B	 1001 BBBA 0001 0011	6
	A	 1001 110A 0001 0011	0
	F	 1011 BBBA FFFF FFFF	20
	B	 1011 BBBA 0001 0100	6
	A	 1011 110A 0001 0100	0
	F	 1000 BBBA FFFF FFFF	19
	B	 1000 BBBA 0001 0011	6
	A	 1000 110A 0001 0011	0
	F	 1001 BBBA FFFF FFFF	19
	B	 1001 BBBA 0001 0011	5
	A	 1001 101A 0001 0011	0
	F	 1011 BBBA FFFF FFFF	20
	B	 1011 BBBA 0001 0100	5
	A	 1011 101A 0001 0100	0
	F	 1000 BBBA FFFF FFFF	19
	B	 1000 BBBA 0001 0011	5
	A	 1000 101A 0001 0011	0
	F	 1001 BBBA FFFF FFFF	19
	B	 1001 BBBA 0001 0011	4
	A	 1001 100A 0001 0011	0
	F	 1011 BBBA FFFF FFFF	20
	B	 1011 BBBA 0001 0100	4
	A	 1011 100A 0001 0100	0
	F	 1000 BBBA FFFF FFFF	19
	B	 1000 BBBA 0001 0011	4
	A	 1000 100A 0001 0011	0
	F	 1000 BBBA FFFF FFFF	19
	B	 1000 BBBA 0001 0011	2
	A	 1000 010A 0001 0011	0
	S	1111 DDDD DDDD DDDD:1100 SSSS SSSS SSSS	19
	D	1111 DDDD DDDD DDDD:1100 0000 0001 0011	18
	N	 1101 1NNN NNNN NNNN	1849
	F	 1001 BBBA FFFF FFFF	19
	B	 1001 BBBA 0001 0011	2
	A	 1001 010A 0001 0011	0
	S	1111 DDDD DDDD DDDD:1100 SSSS SSSS SSSS	19
	D	1111 DDDD DDDD DDDD:1100 0000 0001 0011	18
	N	 1101 1NNN NNNN NNNN	1845
	F	 1001 BBBA FFFF FFFF	19
	B	 1001 BBBA 0001 0011	7
	A	 1001 111A 0001 0011	0
	F	 1011 BBBA FFFF FFFF	20
	B	 1011 BBBA 0001 0100	3
	A	 1011 011A 0001 0100	0
	F	 1000 BBBA FFFF FFFF	19
	B	 1000 BBBA 0001 0011	7
	A	 1000 111A 0001 0011	0
	F	 1001 BBBA FFFF FFFF	19
	B	 1001 BBBA 0001 0011	6
	A	 1001 110A 0001 0011	0
	F	 1011 BBBA FFFF FFFF	20
	B	 1011 BBBA 0001 0100	2
	A	 1011 010A 0001 0100	0
	F	 1000 BBBA FFFF FFFF	19
	B	 1000 BBBA 0001 0011	6
	A	 1000 110A 0001 0011	0
	F	 1001 BBBA FFFF FFFF	19
	B	 1001 BBBA 0001 0011	5
	A	 1001 101A 0001 0011	0
	F	 1011 BBBA FFFF FFFF	20
	B	 1011 BBBA 0001 0100	1
	A	 1011 001A 0001 0100	0
	F	 1000 BBBA FFFF FFFF	19
	B	 1000 BBBA 0001 0011	5
	A	 1000 101A 0001 0011	0
	F	 1001 BBBA FFFF FFFF	19
	B	 1001 BBBA 0001 0011	4
	A	 1001 100A 0001 0011	0
	F	 1011 BBBA FFFF FFFF	20
	B	 1011 BBBA 0001 0100	0
	A	 1011 000A 0001 0100	0
	F	 1000 BBBA FFFF FFFF	19
	B	 1000 BBBA 0001 0011	4
	A	 1000 100A 0001 0011	0
	F	 1000 BBBA FFFF FFFF	19
	B	 1000 BBBA 0001 0011	2
	A	 1000 010A 0001 0011	0
	S	1111 DDDD DDDD DDDD:1100 SSSS SSSS SSSS	19
	D	1111 DDDD DDDD DDDD:1100 0000 0001 0011	18
	N	 1101 1NNN NNNN NNNN	1829
	F	 1001 BBBA FFFF FFFF	19
	B	 1001 BBBA 0001 0011	2
	A	 1001 010A 0001 0011	0
	S	1111 DDDD DDDD DDDD:1100 SSSS SSSS SSSS	19
	D	1111 DDDD DDDD DDDD:1100 0000 0001 0011	18
	N	 1101 1NNN NNNN NNNN	1825
	N	 1101 1NNN NNNN NNNN	1854
	K	 0000 1110 KKKK KKKK	12
	F	 0110 111A FFFF FFFF	26
	A	 0110 111A 0001 1010	0
	K	 0000 1110 KKKK KKKK	6
	F	 0110 111A FFFF FFFF	0
	A	 0110 111A 0000 0000	0
		DELAYUS3
	F	 0010 11DA FFFF FFFF	0
	D	 0010 11DA 0000 0000	1
	A	 0010 111A 0000 0000	0
	N	 1101 0NNN NNNN NNNN	2046
	F	 1011 BBBA FFFF FFFF	27
	B	 1011 BBBA 0001 1011	1
	A	 1011 001A 0001 1011	0
	N	 1101 0NNN NNNN NNNN	9
	K	 0000 1110 KKKK KKKK	16
	F	 0101 11DA FFFF FFFF	20
	D	 0101 11DA 0001 0100	0
	A	 0101 110A 0001 0100	0
	F	 1011 BBBA FFFF FFFF	4056
	B	 1011 BBBA 1101 1000	0
	A	 1011 000A 1101 1000	0
	N	 1101 0NNN NNNN NNNN	5
	F	 0101 00DA FFFF FFFF	20
	D	 0101 00DA 0001 0100	0
	A	 0101 000A 0001 0100	0
	K	 0000 1000 KKKK KKKK	7
	F	 1010 BBBA FFFF FFFF	4056
	B	 1010 BBBA 1101 1000	0
	A	 1010 000A 1101 1000	0
	S	1111 DDDD DDDD DDDD:1100 SSSS SSSS SSSS	20
	D	1111 DDDD DDDD DDDD:1100 0000 0001 0100	26
		ENDIF8
		ENDIF7
	S	 0000 0000 0001 001S	0


		PRINT120
	F	 1000 BBBA FFFF FFFF	27
	B	 1000 BBBA 0001 1011	1
	A	 1000 001A 0001 1011	0
	F	 0110 101A FFFF FFFF	23
	A	 0110 101A 0001 0111	0
	S	1111 DDDD DDDD DDDD:1100 SSSS SSSS SSSS	21
	D	1111 DDDD DDDD DDDD:1100 0000 0001 0101	5
	S	1111 DDDD DDDD DDDD:1100 SSSS SSSS SSSS	22
	D	1111 DDDD DDDD DDDD:1100 0000 0001 0110	6
	K	 0000 1110 KKKK KKKK	16
	F	 0110 111A FFFF FFFF	9
	A	 0110 111A 0000 1001	0
	K	 0000 1110 KKKK KKKK	39
	F	 0110 111A FFFF FFFF	10
	A	 0110 111A 0000 1010	0
	N	 1101 1NNN NNNN NNNN	127
	F	 0001 11DA FFFF FFFF	0
	D	 0001 11DA 0000 0000	1
	A	 0001 111A 0000 0000	0
	F	 1010 BBBA FFFF FFFF	0
	B	 1010 BBBA 0000 0000	0
	A	 1010 000A 0000 0000	0
	N	 1101 0NNN NNNN NNNN	20
	S	1111 DDDD DDDD DDDD:1100 SSSS SSSS SSSS	21
	D	1111 DDDD DDDD DDDD:1100 0000 0001 0101	5
	S	1111 DDDD DDDD DDDD:1100 SSSS SSSS SSSS	22
	D	1111 DDDD DDDD DDDD:1100 0000 0001 0110	6
	K	 0000 1110 KKKK KKKK	16
	F	 0110 111A FFFF FFFF	9
	A	 0110 111A 0000 1001	0
	K	 0000 1110 KKKK KKKK	39
	F	 0110 111A FFFF FFFF	10
	A	 0110 111A 0000 1010	0
	N	 1101 1NNN NNNN NNNN	129
	S	1111 DDDD DDDD DDDD:1100 SSSS SSSS SSSS	5
	D	1111 DDDD DDDD DDDD:1100 0000 0000 0101	23
	S	1111 DDDD DDDD DDDD:1100 SSSS SSSS SSSS	0
	D	1111 DDDD DDDD DDDD:1100 0000 0000 0000	21
	S	1111 DDDD DDDD DDDD:1100 SSSS SSSS SSSS	1
	D	1111 DDDD DDDD DDDD:1100 0000 0000 0001	22
	K	 0000 1110 KKKK KKKK	48
	F	 0010 01DA FFFF FFFF	23
	D	 0010 01DA 0001 0111	0
	A	 0010 010A 0001 0111	0
	F	 0110 111A FFFF FFFF	20
	A	 0110 111A 0001 0100	0
	N	 1101 1NNN NNNN NNNN	1942
	N	 1101 0NNN NNNN NNNN	12
		ENDIF2
	S	1111 DDDD DDDD DDDD:1100 SSSS SSSS SSSS	21
	D	1111 DDDD DDDD DDDD:1100 0000 0001 0101	5
	S	1111 DDDD DDDD DDDD:1100 SSSS SSSS SSSS	22
	D	1111 DDDD DDDD DDDD:1100 0000 0001 0110	6
	K	 0000 1110 KKKK KKKK	232
	F	 0110 111A FFFF FFFF	9
	A	 0110 111A 0000 1001	0
	K	 0000 1110 KKKK KKKK	3
	F	 0110 111A FFFF FFFF	10
	A	 0110 111A 0000 1010	0
	N	 1101 1NNN NNNN NNNN	95
	F	 0001 11DA FFFF FFFF	0
	D	 0001 11DA 0000 0000	1
	A	 0001 111A 0000 0000	0
	F	 1010 BBBA FFFF FFFF	0
	B	 1010 BBBA 0000 0000	0
	A	 1010 000A 0000 0000	0
	N	 1101 0NNN NNNN NNNN	20
		LCDPRINTWORD1000
	S	1111 DDDD DDDD DDDD:1100 SSSS SSSS SSSS	21
	D	1111 DDDD DDDD DDDD:1100 0000 0001 0101	5
	S	1111 DDDD DDDD DDDD:1100 SSSS SSSS SSSS	22
	D	1111 DDDD DDDD DDDD:1100 0000 0001 0110	6
	K	 0000 1110 KKKK KKKK	232
	F	 0110 111A FFFF FFFF	9
	A	 0110 111A 0000 1001	0
	K	 0000 1110 KKKK KKKK	3
	F	 0110 111A FFFF FFFF	10
	A	 0110 111A 0000 1010	0
	N	 1101 1NNN NNNN NNNN	97
	S	1111 DDDD DDDD DDDD:1100 SSSS SSSS SSSS	5
	D	1111 DDDD DDDD DDDD:1100 0000 0000 0101	23
	S	1111 DDDD DDDD DDDD:1100 SSSS SSSS SSSS	0
	D	1111 DDDD DDDD DDDD:1100 0000 0000 0000	21
	S	1111 DDDD DDDD DDDD:1100 SSSS SSSS SSSS	1
	D	1111 DDDD DDDD DDDD:1100 0000 0000 0001	22
	K	 0000 1110 KKKK KKKK	48
	F	 0010 01DA FFFF FFFF	23
	D	 0010 01DA 0001 0111	0
	A	 0010 010A 0001 0111	0
	F	 0110 111A FFFF FFFF	20
	A	 0110 111A 0001 0100	0
	N	 1101 1NNN NNNN NNNN	1910
	N	 1101 0NNN NNNN NNNN	11
		ENDIF3
	S	1111 DDDD DDDD DDDD:1100 SSSS SSSS SSSS	21
	D	1111 DDDD DDDD DDDD:1100 0000 0001 0101	5
	S	1111 DDDD DDDD DDDD:1100 SSSS SSSS SSSS	22
	D	1111 DDDD DDDD DDDD:1100 0000 0001 0110	6
	K	 0000 1110 KKKK KKKK	100
	F	 0110 111A FFFF FFFF	9
	A	 0110 111A 0000 1001	0
	F	 0110 101A FFFF FFFF	10
	A	 0110 101A 0000 1010	0
	N	 1101 1NNN NNNN NNNN	64
	F	 0001 11DA FFFF FFFF	0
	D	 0001 11DA 0000 0000	1
	A	 0001 111A 0000 0000	0
	F	 1010 BBBA FFFF FFFF	0
	B	 1010 BBBA 0000 0000	0
	A	 1010 000A 0000 0000	0
	N	 1101 0NNN NNNN NNNN	19
		LCDPRINTWORD100
	S	1111 DDDD DDDD DDDD:1100 SSSS SSSS SSSS	21
	D	1111 DDDD DDDD DDDD:1100 0000 0001 0101	5
	S	1111 DDDD DDDD DDDD:1100 SSSS SSSS SSSS	22
	D	1111 DDDD DDDD DDDD:1100 0000 0001 0110	6
	K	 0000 1110 KKKK KKKK	100
	F	 0110 111A FFFF FFFF	9
	A	 0110 111A 0000 1001	0
	F	 0110 101A FFFF FFFF	10
	A	 0110 101A 0000 1010	0
	N	 1101 1NNN NNNN NNNN	67
	S	1111 DDDD DDDD DDDD:1100 SSSS SSSS SSSS	5
	D	1111 DDDD DDDD DDDD:1100 0000 0000 0101	23
	S	1111 DDDD DDDD DDDD:1100 SSSS SSSS SSSS	0
	D	1111 DDDD DDDD DDDD:1100 0000 0000 0000	21
	S	1111 DDDD DDDD DDDD:1100 SSSS SSSS SSSS	1
	D	1111 DDDD DDDD DDDD:1100 0000 0000 0001	22
	K	 0000 1110 KKKK KKKK	48
	F	 0010 01DA FFFF FFFF	23
	D	 0010 01DA 0001 0111	0
	A	 0010 010A 0001 0111	0
	F	 0110 111A FFFF FFFF	20
	A	 0110 111A 0001 0100	0
	N	 1101 1NNN NNNN NNNN	1880
	N	 1101 0NNN NNNN NNNN	11
		ENDIF4
	S	1111 DDDD DDDD DDDD:1100 SSSS SSSS SSSS	21
	D	1111 DDDD DDDD DDDD:1100 0000 0001 0101	5
	S	1111 DDDD DDDD DDDD:1100 SSSS SSSS SSSS	22
	D	1111 DDDD DDDD DDDD:1100 0000 0001 0110	6
	K	 0000 1110 KKKK KKKK	10
	F	 0110 111A FFFF FFFF	9
	A	 0110 111A 0000 1001	0
	F	 0110 101A FFFF FFFF	10
	A	 0110 101A 0000 1010	0
	N	 1101 1NNN NNNN NNNN	34
	F	 0001 11DA FFFF FFFF	0
	D	 0001 11DA 0000 0000	1
	A	 0001 111A 0000 0000	0
	F	 1010 BBBA FFFF FFFF	0
	B	 1010 BBBA 0000 0000	0
	A	 1010 000A 0000 0000	0
	N	 1101 0NNN NNNN NNNN	18
		LCDPRINTWORD10
	S	1111 DDDD DDDD DDDD:1100 SSSS SSSS SSSS	21
	D	1111 DDDD DDDD DDDD:1100 0000 0001 0101	5
	S	1111 DDDD DDDD DDDD:1100 SSSS SSSS SSSS	22
	D	1111 DDDD DDDD DDDD:1100 0000 0001 0110	6
	K	 0000 1110 KKKK KKKK	10
	F	 0110 111A FFFF FFFF	9
	A	 0110 111A 0000 1001	0
	F	 0110 101A FFFF FFFF	10
	A	 0110 101A 0000 1010	0
	N	 1101 1NNN NNNN NNNN	37
	S	1111 DDDD DDDD DDDD:1100 SSSS SSSS SSSS	5
	D	1111 DDDD DDDD DDDD:1100 0000 0000 0101	23
	S	1111 DDDD DDDD DDDD:1100 SSSS SSSS SSSS	0
	D	1111 DDDD DDDD DDDD:1100 0000 0000 0000	21
	S	1111 DDDD DDDD DDDD:1100 SSSS SSSS SSSS	1
	D	1111 DDDD DDDD DDDD:1100 0000 0000 0001	22
	K	 0000 1110 KKKK KKKK	48
	F	 0010 01DA FFFF FFFF	23
	D	 0010 01DA 0001 0111	0
	A	 0010 010A 0001 0111	0
	F	 0110 111A FFFF FFFF	20
	A	 0110 111A 0001 0100	0
	N	 1101 1NNN NNNN NNNN	1850
		ENDIF5
	K	 0000 1110 KKKK KKKK	48
	F	 0010 01DA FFFF FFFF	21
	D	 0010 01DA 0001 0101	0
	A	 0010 010A 0001 0101	0
	F	 0110 111A FFFF FFFF	20
	A	 0110 111A 0001 0100	0
	N	 1101 0NNN NNNN NNNN	1846


		SYSCOMPEQUAL16
	F	 0110 101A FFFF FFFF	0
	A	 0110 101A 0000 0000	0
	F	 0101 00DA FFFF FFFF	9
	D	 0101 00DA 0000 1001	0
	A	 0101 000A 0000 1001	0
	F	 0110 001A FFFF FFFF	5
	A	 0110 001A 0000 0101	0
	S	 0000 0000 0001 001S	0
	F	 0101 00DA FFFF FFFF	10
	D	 0101 00DA 0000 1010	0
	A	 0101 000A 0000 1010	0
	F	 0110 001A FFFF FFFF	6
	A	 0110 001A 0000 0110	0
	S	 0000 0000 0001 001S	0
	F	 0110 100A FFFF FFFF	0
	A	 0110 100A 0000 0000	0
	S	 0000 0000 0001 001S	0


		SYSCOMPLESSTHAN16
	F	 0110 101A FFFF FFFF	0
	A	 0110 101A 0000 0000	0
	F	 0101 00DA FFFF FFFF	6
	D	 0101 00DA 0000 0110	0
	A	 0101 000A 0000 0110	0
	F	 0101 11DA FFFF FFFF	10
	D	 0101 11DA 0000 1010	0
	A	 0101 110A 0000 1010	0
	F	 1010 BBBA FFFF FFFF	4056
	B	 1010 BBBA 1101 1000	0
	A	 1010 000A 1101 1000	0
	S	 0000 0000 0001 001S	0
	F	 0101 00DA FFFF FFFF	10
	D	 0101 00DA 0000 1010	0
	A	 0101 000A 0000 1010	0
	F	 0101 11DA FFFF FFFF	6
	D	 0101 11DA 0000 0110	0
	A	 0101 110A 0000 0110	0
	N	 1110 0011 NNNN NNNN	4
	F	 0101 00DA FFFF FFFF	9
	D	 0101 00DA 0000 1001	0
	A	 0101 000A 0000 1001	0
	F	 0101 11DA FFFF FFFF	5
	D	 0101 11DA 0000 0101	0
	A	 0101 110A 0000 0101	0
	F	 1011 BBBA FFFF FFFF	4056
	B	 1011 BBBA 1101 1000	0
	A	 1011 000A 1101 1000	0
	S	 0000 0000 0001 001S	0
		SCLT16TRUE
	F	 0001 11DA FFFF FFFF	0
	D	 0001 11DA 0000 0000	1
	A	 0001 111A 0000 0000	0
	S	 0000 0000 0001 001S	0


		SYSDIVSUB16
	S	1111 DDDD DDDD DDDD:1100 SSSS SSSS SSSS	5
	D	1111 DDDD DDDD DDDD:1100 0000 0000 0101	7
	S	1111 DDDD DDDD DDDD:1100 SSSS SSSS SSSS	6
	D	1111 DDDD DDDD DDDD:1100 0000 0000 0110	8
	S	1111 DDDD DDDD DDDD:1100 SSSS SSSS SSSS	9
	D	1111 DDDD DDDD DDDD:1100 0000 0000 1001	11
	S	1111 DDDD DDDD DDDD:1100 SSSS SSSS SSSS	10
	D	1111 DDDD DDDD DDDD:1100 0000 0000 1010	12
	F	 0110 101A FFFF FFFF	2
	A	 0110 101A 0000 0010	0
	F	 0110 101A FFFF FFFF	3
	A	 0110 101A 0000 0011	0
	S	1111 DDDD DDDD DDDD:1100 SSSS SSSS SSSS	11
	D	1111 DDDD DDDD DDDD:1100 0000 0000 1011	5
	S	1111 DDDD DDDD DDDD:1100 SSSS SSSS SSSS	12
	D	1111 DDDD DDDD DDDD:1100 0000 0000 1100	6
	F	 0110 101A FFFF FFFF	9
	A	 0110 101A 0000 1001	0
	F	 0110 101A FFFF FFFF	10
	A	 0110 101A 0000 1010	0
	N	 1101 1NNN NNNN NNNN	2008
	F	 1010 BBBA FFFF FFFF	0
	B	 1010 BBBA 0000 0000	0
	A	 1010 000A 0000 0000	0
	N	 1101 0NNN NNNN NNNN	3
	F	 0110 101A FFFF FFFF	5
	A	 0110 101A 0000 0101	0
	F	 0110 101A FFFF FFFF	6
	A	 0110 101A 0000 0110	0
	S	 0000 0000 0001 001S	0
		ENDIF19
	K	 0000 1110 KKKK KKKK	16
	F	 0110 111A FFFF FFFF	4
	A	 0110 111A 0000 0100	0
		SYSDIV16START
	F	 1001 BBBA FFFF FFFF	4056
	B	 1001 BBBA 1101 1000	0
	A	 1001 000A 1101 1000	0
	F	 0011 01DA FFFF FFFF	7
	D	 0011 01DA 0000 0111	1
	A	 0011 011A 0000 0111	0
	F	 0011 01DA FFFF FFFF	8
	D	 0011 01DA 0000 1000	1
	A	 0011 011A 0000 1000	0
	F	 0011 01DA FFFF FFFF	2
	D	 0011 01DA 0000 0010	1
	A	 0011 011A 0000 0010	0
	F	 0011 01DA FFFF FFFF	3
	D	 0011 01DA 0000 0011	1
	A	 0011 011A 0000 0011	0
	F	 0101 00DA FFFF FFFF	11
	D	 0101 00DA 0000 1011	0
	A	 0101 000A 0000 1011	0
	F	 0101 11DA FFFF FFFF	2
	D	 0101 11DA 0000 0010	1
	A	 0101 111A 0000 0010	0
	F	 0101 00DA FFFF FFFF	12
	D	 0101 00DA 0000 1100	0
	A	 0101 000A 0000 1100	0
	F	 0101 10DA FFFF FFFF	3
	D	 0101 10DA 0000 0011	1
	A	 0101 101A 0000 0011	0
	F	 1000 BBBA FFFF FFFF	7
	B	 1000 BBBA 0000 0111	0
	A	 1000 000A 0000 0111	0
	F	 1011 BBBA FFFF FFFF	4056
	B	 1011 BBBA 1101 1000	0
	A	 1011 000A 1101 1000	0
	N	 1101 0NNN NNNN NNNN	5
	F	 1001 BBBA FFFF FFFF	7
	B	 1001 BBBA 0000 0111	0
	A	 1001 000A 0000 0111	0
	F	 0101 00DA FFFF FFFF	11
	D	 0101 00DA 0000 1011	0
	A	 0101 000A 0000 1011	0
	F	 0010 01DA FFFF FFFF	2
	D	 0010 01DA 0000 0010	1
	A	 0010 011A 0000 0010	0
	F	 0101 00DA FFFF FFFF	12
	D	 0101 00DA 0000 1100	0
	A	 0101 000A 0000 1100	0
	F	 0010 00DA FFFF FFFF	3
	D	 0010 00DA 0000 0011	1
	A	 0010 001A 0000 0011	0
		ENDIF20
	F	 0010 11DA FFFF FFFF	4
	D	 0010 11DA 0000 0100	1
	A	 0010 111A 0000 0100	0
	N	 1101 0NNN NNNN NNNN	2029
	S	1111 DDDD DDDD DDDD:1100 SSSS SSSS SSSS	7
	D	1111 DDDD DDDD DDDD:1100 0000 0000 0111	5
	S	1111 DDDD DDDD DDDD:1100 SSSS SSSS SSSS	8
	D	1111 DDDD DDDD DDDD:1100 0000 0000 1000	6
	S	1111 DDDD DDDD DDDD:1100 SSSS SSSS SSSS	2
	D	1111 DDDD DDDD DDDD:1100 0000 0000 0010	0
	S	1111 DDDD DDDD DDDD:1100 SSSS SSSS SSSS	3
	D	1111 DDDD DDDD DDDD:1100 0000 0000 0011	1
	S	 0000 0000 0001 001S	0


		FN_USDISTANCE
	F	 0110 101A FFFF FFFF	31
	A	 0110 101A 0001 1111	0
	F	 0110 101A FFFF FFFF	32
	A	 0110 101A 0010 0000	0
	F	 1000 BBBA FFFF FFFF	3979
	B	 1000 BBBA 1000 1011	7
	A	 1000 111A 1000 1011	0
	K	 0000 1110 KKKK KKKK	1
	F	 0110 111A FFFF FFFF	5
	A	 0110 111A 0000 0101	0
	N	 1101 1NNN NNNN NNNN	1541
	F	 1001 BBBA FFFF FFFF	3979
	B	 1001 BBBA 1000 1011	7
	A	 1001 111A 1000 1011	0
		SYSWAITLOOP1
	F	 1010 BBBA FFFF FFFF	3970
	B	 1010 BBBA 1000 0010	6
	A	 1010 110A 1000 0010	0
	N	 1101 0NNN NNNN NNNN	2046
		SYSDOLOOP_S2
	F	 1010 BBBA FFFF FFFF	3970
	B	 1010 BBBA 1000 0010	6
	A	 1010 110A 1000 0010	0
	N	 1101 0NNN NNNN NNNN	18
	F	 0010 10DA FFFF FFFF	31
	D	 0010 10DA 0001 1111	1
	A	 0010 101A 0001 1111	0
	F	 1011 BBBA FFFF FFFF	4056
	B	 1011 BBBA 1101 1000	2
	A	 1011 010A 1101 1000	0
	F	 0010 10DA FFFF FFFF	32
	D	 0010 10DA 0010 0000	1
	A	 0010 101A 0010 0000	0
	S	1111 DDDD DDDD DDDD:1100 SSSS SSSS SSSS	31
	D	1111 DDDD DDDD DDDD:1100 0000 0001 1111	5
	S	1111 DDDD DDDD DDDD:1100 SSSS SSSS SSSS	32
	D	1111 DDDD DDDD DDDD:1100 0000 0010 0000	6
	F	 0110 101A FFFF FFFF	9
	A	 0110 101A 0000 1001	0
	F	 0110 101A FFFF FFFF	10
	A	 0110 101A 0000 1010	0
	N	 1101 1NNN NNNN NNNN	1952
	F	 1011 BBBA FFFF FFFF	0
	B	 1011 BBBA 0000 0000	0
	A	 1011 000A 0000 0000	0
	S	 0000 0000 0001 001S	0
	K	 0000 1110 KKKK KKKK	34
	F	 0110 111A FFFF FFFF	0
	A	 0110 111A 0000 0000	0
		DELAYUS1
	F	 0010 11DA FFFF FFFF	0
	D	 0010 11DA 0000 0000	1
	A	 0010 111A 0000 0000	0
	N	 1101 0NNN NNNN NNNN	2046
	N	 1101 0NNN NNNN NNNN	2028
		SYSDOLOOP_E2
	S	 0000 0000 0001 001S	0


