GCASM List File (GCBASIC 2024.08.18 (Windows 64 bit) : Build 1411)

Symbols:
A 	EQU 	0
ABDEN 	EQU 	0
ABDOVF 	EQU 	7
ACCESS 	EQU 	0
ACKDT 	EQU 	5
ACKEN 	EQU 	4
ACKSTAT 	EQU 	6
ACKTIM 	EQU 	7
ACQT0 	EQU 	3
ACQT1 	EQU 	4
ACQT2 	EQU 	5
ACTCON 	EQU 	4021
ACTD 	EQU 	6
ACTEN 	EQU 	7
ACTIE 	EQU 	7
ACTIF 	EQU 	7
ACTIP 	EQU 	7
ACTLOCK 	EQU 	3
ACTMD 	EQU 	4
ACTOR 	EQU 	1
ACTORS 	EQU 	1
ACTSEL 	EQU 	7
ACTSRC 	EQU 	4
ACTUD 	EQU 	6
ACTVIE 	EQU 	2
ACTVIF 	EQU 	2
ADCMD 	EQU 	2
ADCON0 	EQU 	4034
ADCON1 	EQU 	4033
ADCON2 	EQU 	4032
ADCS0 	EQU 	0
ADCS1 	EQU 	1
ADCS2 	EQU 	2
ADDEN 	EQU 	3
ADDR0 	EQU 	0
ADDR1 	EQU 	1
ADDR2 	EQU 	2
ADDR3 	EQU 	3
ADDR4 	EQU 	4
ADDR5 	EQU 	5
ADDR6 	EQU 	6
ADEN 	EQU 	3
ADFM 	EQU 	7
ADIE 	EQU 	6
ADIF 	EQU 	6
ADIP 	EQU 	6
ADON 	EQU 	0
ADRESH 	EQU 	4036
ADRESL 	EQU 	4035
AFSR0 	EQU 	4073
AFSR0_H 	EQU 	4074
AHEN 	EQU 	1
AN0 	EQU 	0
AN1 	EQU 	1
AN2 	EQU 	2
AN3 	EQU 	3
AN4 	EQU 	5
ANSA0 	EQU 	0
ANSA1 	EQU 	1
ANSA2 	EQU 	2
ANSA3 	EQU 	3
ANSA5 	EQU 	5
ANSB0 	EQU 	0
ANSB1 	EQU 	1
ANSB2 	EQU 	2
ANSB3 	EQU 	3
ANSB4 	EQU 	4
ANSB5 	EQU 	5
ANSC2 	EQU 	2
ANSC6 	EQU 	6
ANSC7 	EQU 	7
ANSD0 	EQU 	0
ANSD1 	EQU 	1
ANSD2 	EQU 	2
ANSD3 	EQU 	3
ANSD4 	EQU 	4
ANSD5 	EQU 	5
ANSD6 	EQU 	6
ANSD7 	EQU 	7
ANSE0 	EQU 	0
ANSE1 	EQU 	1
ANSE2 	EQU 	2
ANSELA 	EQU 	3931
ANSELB 	EQU 	3932
ANSELC 	EQU 	3933
ANSELD 	EQU 	3934
ANSELE 	EQU 	3935
B 	EQU 	1
BANKED 	EQU 	1
BASPROGRAMEND 	EQU 	66
BASPROGRAMSTART 	EQU 	12
BAUDCON 	EQU 	4024
BAUDCON1 	EQU 	4024
BAUDCON1_ABDEN 	EQU 	0
BAUDCON1_ABDOVF 	EQU 	7
BAUDCON1_BRG16 	EQU 	3
BAUDCON1_CKTXP 	EQU 	4
BAUDCON1_DTRXP 	EQU 	5
BAUDCON1_RCIDL 	EQU 	6
BAUDCON1_RCMT 	EQU 	6
BAUDCON1_RXDTP 	EQU 	5
BAUDCON1_SCKP 	EQU 	4
BAUDCON1_TXCKP 	EQU 	4
BAUDCON1_WUE 	EQU 	1
BCL1IE 	EQU 	3
BCL1IF 	EQU 	3
BCL1IP 	EQU 	3
BCLIE 	EQU 	3
BCLIF 	EQU 	3
BCLIP 	EQU 	3
BF 	EQU 	0
BGVST 	EQU 	6
BOEN 	EQU 	4
BOR 	EQU 	0
BRG0 	EQU 	0
BRG1 	EQU 	1
BRG10 	EQU 	2
BRG11 	EQU 	3
BRG12 	EQU 	4
BRG13 	EQU 	5
BRG14 	EQU 	6
BRG15 	EQU 	7
BRG16 	EQU 	3
BRG2 	EQU 	2
BRG3 	EQU 	3
BRG4 	EQU 	4
BRG5 	EQU 	5
BRG6 	EQU 	6
BRG7 	EQU 	7
BRG8 	EQU 	0
BRG9 	EQU 	1
BRGH 	EQU 	2
BSR 	EQU 	4064
BTOEE 	EQU 	4
BTOEF 	EQU 	4
BTSEE 	EQU 	7
BTSEF 	EQU 	7
C 	EQU 	0
C1CH0 	EQU 	0
C1CH1 	EQU 	1
C1HYS 	EQU 	3
C1IE 	EQU 	6
C1IF 	EQU 	6
C1IP 	EQU 	6
C1OE 	EQU 	5
C1ON 	EQU 	7
C1OUT 	EQU 	6
C1POL 	EQU 	4
C1R 	EQU 	2
C1RSEL 	EQU 	5
C1SP 	EQU 	3
C1SYNC 	EQU 	1
C1TSEL 	EQU 	0
C2CH0 	EQU 	0
C2CH1 	EQU 	1
C2HYS 	EQU 	2
C2IE 	EQU 	5
C2IF 	EQU 	5
C2IP 	EQU 	5
C2OE 	EQU 	5
C2ON 	EQU 	7
C2OUT 	EQU 	6
C2POL 	EQU 	4
C2R 	EQU 	2
C2RSEL 	EQU 	4
C2SP 	EQU 	3
C2SYNC 	EQU 	0
C2TSEL 	EQU 	3
CCH0 	EQU 	0
CCH1 	EQU 	1
CCP1 	EQU 	2
CCP1ASE 	EQU 	7
CCP1CON 	EQU 	4029
CCP1IE 	EQU 	2
CCP1IF 	EQU 	2
CCP1IP 	EQU 	2
CCP1M0 	EQU 	0
CCP1M1 	EQU 	1
CCP1M2 	EQU 	2
CCP1M3 	EQU 	3
CCP1MD 	EQU 	0
CCP1X 	EQU 	5
CCP1Y 	EQU 	4
CCP2CON 	EQU 	3991
CCP2IE 	EQU 	0
CCP2IF 	EQU 	0
CCP2IP 	EQU 	0
CCP2M0 	EQU 	0
CCP2M1 	EQU 	1
CCP2M2 	EQU 	2
CCP2M3 	EQU 	3
CCP2MD 	EQU 	1
CCP2X 	EQU 	5
CCP2Y 	EQU 	4
CCPR1 	EQU 	4030
CCPR1H 	EQU 	4031
CCPR1L 	EQU 	4030
CCPR2 	EQU 	3984
CCPR2H 	EQU 	3985
CCPR2L 	EQU 	3984
CCPTMRS 	EQU 	3929
CFGS 	EQU 	6
CHS0 	EQU 	2
CHS1 	EQU 	3
CHS2 	EQU 	4
CHS3 	EQU 	5
CHS4 	EQU 	6
CK 	EQU 	6
CK1SPP 	EQU 	0
CK2SPP 	EQU 	1
CKE 	EQU 	6
CKP 	EQU 	4
CKTXP 	EQU 	4
CLS 	EQU 	70
CM1CON0 	EQU 	3992
CM1IE 	EQU 	6
CM1IF 	EQU 	6
CM1IP 	EQU 	6
CM2CON0 	EQU 	3993
CM2CON0_CCH0 	EQU 	0
CM2CON0_CCH1 	EQU 	1
CM2CON0_COE 	EQU 	5
CM2CON0_CON 	EQU 	7
CM2CON0_CPOL 	EQU 	4
CM2CON0_CREF 	EQU 	2
CM2CON1 	EQU 	3994
CM2IE 	EQU 	5
CM2IF 	EQU 	5
CM2IP 	EQU 	5
CMP1MD 	EQU 	3
CMP2MD 	EQU 	4
COE 	EQU 	5
CON 	EQU 	7
COUT1 	EQU 	6
COUT2 	EQU 	6
CPOL 	EQU 	4
CRC16EE 	EQU 	2
CRC16EF 	EQU 	2
CRC5EE 	EQU 	1
CRC5EF 	EQU 	1
CREF 	EQU 	2
CREN 	EQU 	4
CSRC 	EQU 	7
CTMUCON0 	EQU 	3983
CTMUCON1 	EQU 	3982
CTMUCONH 	EQU 	3983
CTMUCONH_CTMUEN 	EQU 	7
CTMUCONH_CTMUSIDL 	EQU 	5
CTMUCONH_CTTRIG 	EQU 	0
CTMUCONH_EDGEN 	EQU 	3
CTMUCONH_EDGSEQEN 	EQU 	2
CTMUCONH_IDISSEN 	EQU 	1
CTMUCONH_ON 	EQU 	7
CTMUCONH_SIDL 	EQU 	5
CTMUCONH_TGEN 	EQU 	4
CTMUCONH_TRIGEN 	EQU 	0
CTMUCONL 	EQU 	3982
CTMUCONL_EDG1POL 	EQU 	4
CTMUCONL_EDG1SEL0 	EQU 	2
CTMUCONL_EDG1SEL1 	EQU 	3
CTMUCONL_EDG1STAT 	EQU 	0
CTMUCONL_EDG2POL 	EQU 	7
CTMUCONL_EDG2SEL0 	EQU 	5
CTMUCONL_EDG2SEL1 	EQU 	6
CTMUCONL_EDG2STAT 	EQU 	1
CTMUEN 	EQU 	7
CTMUICON 	EQU 	3976
CTMUIE 	EQU 	3
CTMUIF 	EQU 	3
CTMUIP 	EQU 	3
CTMUMD 	EQU 	5
CTMUSIDL 	EQU 	5
CTTRIG 	EQU 	0
DACEN 	EQU 	7
DACLPS 	EQU 	6
DACNSS 	EQU 	0
DACOE 	EQU 	5
DACPSS0 	EQU 	2
DACPSS1 	EQU 	3
DACR0 	EQU 	0
DACR1 	EQU 	1
DACR2 	EQU 	2
DACR3 	EQU 	3
DACR4 	EQU 	4
DC 	EQU 	1
DC1B0 	EQU 	4
DC1B1 	EQU 	5
DC2B0 	EQU 	4
DC2B1 	EQU 	5
DDRA 	EQU 	3986
DDRA_RA0 	EQU 	0
DDRA_RA1 	EQU 	1
DDRA_RA2 	EQU 	2
DDRA_RA3 	EQU 	3
DDRA_RA4 	EQU 	4
DDRA_RA5 	EQU 	5
DDRA_RA6 	EQU 	6
DDRA_RA7 	EQU 	7
DDRB 	EQU 	3987
DDRB_RB0 	EQU 	0
DDRB_RB1 	EQU 	1
DDRB_RB2 	EQU 	2
DDRB_RB3 	EQU 	3
DDRB_RB4 	EQU 	4
DDRB_RB5 	EQU 	5
DDRB_RB6 	EQU 	6
DDRB_RB7 	EQU 	7
DDRC 	EQU 	3988
DDRC_RC0 	EQU 	0
DDRC_RC1 	EQU 	1
DDRC_RC2 	EQU 	2
DDRC_RC6 	EQU 	6
DDRC_RC7 	EQU 	7
DDRD 	EQU 	3989
DDRD_RD0 	EQU 	0
DDRD_RD1 	EQU 	1
DDRD_RD2 	EQU 	2
DDRD_RD3 	EQU 	3
DDRD_RD4 	EQU 	4
DDRD_RD5 	EQU 	5
DDRD_RD6 	EQU 	6
DDRD_RD7 	EQU 	7
DDRE 	EQU 	3990
DDRE_RE0 	EQU 	0
DDRE_RE1 	EQU 	1
DDRE_RE2 	EQU 	2
DELAYTEMP 	EQU 	0
DELAYTEMP2 	EQU 	1
DELAYUS1 	EQU 	96
DELAYUS2 	EQU 	658
DELAYUS3 	EQU 	302
DELAY_MS 	EQU 	102
DFN8EE 	EQU 	3
DFN8EF 	EQU 	3
DHEN 	EQU 	0
DIR 	EQU 	2
DMS_INNER 	EQU 	112
DMS_OUTER 	EQU 	108
DMS_START 	EQU 	104
DONE 	EQU 	1
DTRXP 	EQU 	5
D_NOT_A 	EQU 	5
ECCP1AS 	EQU 	4022
ECCP1AS0 	EQU 	4
ECCP1AS1 	EQU 	5
ECCP1AS2 	EQU 	6
ECCP1ASE 	EQU 	7
ECCP1CON 	EQU 	4029
ECCP1CON_CCP1M0 	EQU 	0
ECCP1CON_CCP1M1 	EQU 	1
ECCP1CON_CCP1M2 	EQU 	2
ECCP1CON_CCP1M3 	EQU 	3
ECCP1CON_CCP1X 	EQU 	5
ECCP1CON_CCP1Y 	EQU 	4
ECCP1CON_DC1B0 	EQU 	4
ECCP1CON_DC1B1 	EQU 	5
ECCP1CON_P1M0 	EQU 	6
ECCP1CON_P1M1 	EQU 	7
ECCP1DEL 	EQU 	4023
ECCP2CON 	EQU 	3991
ECCP2CON_CCP2M0 	EQU 	0
ECCP2CON_CCP2M1 	EQU 	1
ECCP2CON_CCP2M2 	EQU 	2
ECCP2CON_CCP2M3 	EQU 	3
ECCP2CON_CCP2X 	EQU 	5
ECCP2CON_CCP2Y 	EQU 	4
ECCP2CON_DC2B0 	EQU 	4
ECCP2CON_DC2B1 	EQU 	5
EDG1POL 	EQU 	4
EDG1SEL0 	EQU 	2
EDG1SEL1 	EQU 	3
EDG1STAT 	EQU 	0
EDG2POL 	EQU 	7
EDG2SEL0 	EQU 	5
EDG2SEL1 	EQU 	6
EDG2STAT 	EQU 	1
EDGEN 	EQU 	3
EDGSEQEN 	EQU 	2
EEADR 	EQU 	4009
EECON1 	EQU 	4006
EECON2 	EQU 	4007
EEDATA 	EQU 	4008
EEIE 	EQU 	4
EEIF 	EQU 	4
EEIP 	EQU 	4
EEPGD 	EQU 	7
ELSE20_1 	EQU 	250
ELSE21_1 	EQU 	276
ELSE22_1 	EQU 	212
ELSE4_1 	EQU 	550
ENDIF17 	EQU 	162
ENDIF18 	EQU 	176
ENDIF19 	EQU 	192
ENDIF20 	EQU 	254
ENDIF21 	EQU 	280
ENDIF22 	EQU 	214
ENDIF23 	EQU 	226
ENDIF26 	EQU 	310
ENDIF28 	EQU 	308
ENDIF4 	EQU 	552
ENDIF5 	EQU 	686
ENDIF6 	EQU 	686
ENDP0 	EQU 	3
ENDP1 	EQU 	4
ENDP2 	EQU 	5
ENDP3 	EQU 	6
EPCONDIS 	EQU 	3
EPHSHK 	EQU 	4
EPINEN 	EQU 	1
EPOUTEN 	EQU 	2
EPSTALL 	EQU 	0
F 	EQU 	1
FERR 	EQU 	2
FLTS 	EQU 	2
FREE 	EQU 	4
FRM0 	EQU 	0
FRM1 	EQU 	1
FRM10 	EQU 	2
FRM2 	EQU 	2
FRM3 	EQU 	3
FRM4 	EQU 	4
FRM5 	EQU 	5
FRM6 	EQU 	6
FRM7 	EQU 	7
FRM8 	EQU 	0
FRM9 	EQU 	1
FSEN 	EQU 	2
FSR0H 	EQU 	4074
FSR0L 	EQU 	4073
FSR1H 	EQU 	4066
FSR1L 	EQU 	4065
FSR2H 	EQU 	4058
FSR2L 	EQU 	4057
FVREN 	EQU 	7
FVRS0 	EQU 	4
FVRS1 	EQU 	5
FVRST 	EQU 	6
GCEN 	EQU 	7
GIE 	EQU 	7
GIEH 	EQU 	7
GIEL 	EQU 	6
GIE_GIEH 	EQU 	7
GO 	EQU 	1
GO_DONE 	EQU 	1
GO_NOT_DONE 	EQU 	1
HFIOFR 	EQU 	1
HFIOFS 	EQU 	2
HI2CACKPOLLSTATE 	EQU 	4
HI2CCURRENTMODE 	EQU 	9
HI2CINIT 	EQU 	130
HI2CMODE 	EQU 	134
HI2CSEND 	EQU 	196
HI2CSTART 	EQU 	236
HI2CSTOP 	EQU 	256
HI2CWAITMSSP 	EQU 	282
HI2CWAITMSSPTIMEOUT 	EQU 	10
HI2CWAITMSSPWAIT 	EQU 	284
HI2C_BAUD_TEMP 	EQU 	11
HLVDCON 	EQU 	3996
HLVDEN 	EQU 	4
HLVDIE 	EQU 	2
HLVDIF 	EQU 	2
HLVDIN 	EQU 	5
HLVDIP 	EQU 	2
HLVDL0 	EQU 	0
HLVDL1 	EQU 	1
HLVDL2 	EQU 	2
HLVDL3 	EQU 	3
I2CBYTE 	EQU 	12
I2C_LCD_BYTE 	EQU 	13
IDISSEN 	EQU 	1
IDLEIE 	EQU 	4
IDLEIF 	EQU 	4
IDLEN 	EQU 	7
INDF0 	EQU 	4079
INDF1 	EQU 	4071
INDF2 	EQU 	4063
INITI2CLCD 	EQU 	318
INITLCD 	EQU 	456
INITSYS 	EQU 	494
INT0 	EQU 	0
INT0E 	EQU 	4
INT0F 	EQU 	1
INT0IE 	EQU 	4
INT0IF 	EQU 	1
INT1 	EQU 	1
INT1E 	EQU 	3
INT1F 	EQU 	0
INT1IE 	EQU 	3
INT1IF 	EQU 	0
INT1IP 	EQU 	6
INT1P 	EQU 	6
INT2 	EQU 	2
INT2E 	EQU 	4
INT2F 	EQU 	1
INT2IE 	EQU 	4
INT2IF 	EQU 	1
INT2IP 	EQU 	7
INT2P 	EQU 	7
INTCON 	EQU 	4082
INTCON2 	EQU 	4081
INTCON3 	EQU 	4080
INTEDG0 	EQU 	6
INTEDG1 	EQU 	5
INTEDG2 	EQU 	4
INTSRC 	EQU 	5
IOCB 	EQU 	3974
IOCB4 	EQU 	4
IOCB5 	EQU 	5
IOCB6 	EQU 	6
IOCB7 	EQU 	7
IOCC 	EQU 	3975
IOCC0 	EQU 	0
IOCC1 	EQU 	1
IOCC2 	EQU 	2
IOCC4 	EQU 	4
IOCC5 	EQU 	5
IOCC6 	EQU 	6
IOCC7 	EQU 	7
IOCIE 	EQU 	3
IOCIF 	EQU 	0
IOCIP 	EQU 	0
IPEN 	EQU 	7
IPR1 	EQU 	3999
IPR2 	EQU 	4002
IPR3 	EQU 	4005
IRCF0 	EQU 	4
IRCF1 	EQU 	5
IRCF2 	EQU 	6
IRNG0 	EQU 	0
IRNG1 	EQU 	1
IRVST 	EQU 	5
ITRIM0 	EQU 	2
ITRIM1 	EQU 	3
ITRIM2 	EQU 	4
ITRIM3 	EQU 	5
ITRIM4 	EQU 	6
ITRIM5 	EQU 	7
LATA 	EQU 	3977
LATA0 	EQU 	0
LATA1 	EQU 	1
LATA2 	EQU 	2
LATA3 	EQU 	3
LATA4 	EQU 	4
LATA5 	EQU 	5
LATA6 	EQU 	6
LATA7 	EQU 	7
LATB 	EQU 	3978
LATB0 	EQU 	0
LATB1 	EQU 	1
LATB2 	EQU 	2
LATB3 	EQU 	3
LATB4 	EQU 	4
LATB5 	EQU 	5
LATB6 	EQU 	6
LATB7 	EQU 	7
LATC 	EQU 	3979
LATC0 	EQU 	0
LATC1 	EQU 	1
LATC2 	EQU 	2
LATC4 	EQU 	4
LATC5 	EQU 	5
LATC6 	EQU 	6
LATC7 	EQU 	7
LATD 	EQU 	3980
LATD0 	EQU 	0
LATD1 	EQU 	1
LATD2 	EQU 	2
LATD3 	EQU 	3
LATD4 	EQU 	4
LATD5 	EQU 	5
LATD6 	EQU 	6
LATD7 	EQU 	7
LATE 	EQU 	3981
LATE0 	EQU 	0
LATE1 	EQU 	1
LATE2 	EQU 	2
LCDBYTE 	EQU 	14
LCDNORMALWRITEBYTE 	EQU 	542
LCD_BACKLIGHT 	EQU 	15
LCD_I2C_ADDRESS_CURRENT 	EQU 	16
LCD_STATE 	EQU 	17
LFIOFS 	EQU 	0
LVDIE 	EQU 	2
LVDIF 	EQU 	2
LVDIN 	EQU 	5
LVDIP 	EQU 	2
MC1OUT 	EQU 	7
MC2OUT 	EQU 	6
MSSP1MD 	EQU 	6
MSSPMD 	EQU 	6
N 	EQU 	4
NEXUSHARDWARE_INIT 	EQU 	688
NOT_BOR 	EQU 	0
NOT_DONE 	EQU 	1
NOT_PD 	EQU 	2
NOT_POR 	EQU 	1
NOT_RBPU 	EQU 	7
NOT_RI 	EQU 	4
NOT_T1DONE 	EQU 	3
NOT_T1SYNC 	EQU 	2
NOT_T3DONE 	EQU 	3
NOT_T3SYNC 	EQU 	2
NOT_TO 	EQU 	3
NVCFG0 	EQU 	0
NVCFG1 	EQU 	1
OERR 	EQU 	1
OESPP 	EQU 	2
ON 	EQU 	7
OSC2 	EQU 	6
OSCCON 	EQU 	4051
OSCCON2 	EQU 	4050
OSCFIE 	EQU 	7
OSCFIF 	EQU 	7
OSCFIP 	EQU 	7
OSCTUNE 	EQU 	3995
OSTS 	EQU 	3
OV 	EQU 	3
P 	EQU 	4
P1A 	EQU 	2
P1M0 	EQU 	6
P1M1 	EQU 	7
P1RSEN 	EQU 	7
PC 	EQU 	4089
PCIE 	EQU 	6
PCL 	EQU 	4089
PCLATH 	EQU 	4090
PCLATU 	EQU 	4091
PD 	EQU 	2
PDC0 	EQU 	0
PDC1 	EQU 	1
PDC2 	EQU 	2
PDC3 	EQU 	3
PDC4 	EQU 	4
PDC5 	EQU 	5
PDC6 	EQU 	6
PEIE 	EQU 	6
PEIE_GIEL 	EQU 	6
PEN 	EQU 	2
PGC 	EQU 	6
PGD 	EQU 	7
PGM 	EQU 	5
PIDEE 	EQU 	0
PIDEF 	EQU 	0
PIE1 	EQU 	3997
PIE2 	EQU 	4000
PIE3 	EQU 	4003
PIR1 	EQU 	3998
PIR2 	EQU 	4001
PIR3 	EQU 	4004
PKTDIS 	EQU 	4
PLLEN 	EQU 	4
PLLRDY 	EQU 	7
PLUSW0 	EQU 	4075
PLUSW1 	EQU 	4067
PLUSW2 	EQU 	4059
PMD0 	EQU 	3966
PMD1 	EQU 	3967
POR 	EQU 	1
PORTA 	EQU 	3968
PORTB 	EQU 	3969
PORTC 	EQU 	3970
PORTD 	EQU 	3971
PORTE 	EQU 	3972
POSTDEC0 	EQU 	4077
POSTDEC1 	EQU 	4069
POSTDEC2 	EQU 	4061
POSTINC0 	EQU 	4078
POSTINC1 	EQU 	4070
POSTINC2 	EQU 	4062
PPB0 	EQU 	0
PPB1 	EQU 	1
PPBI 	EQU 	1
PPBRST 	EQU 	6
PR1SEN 	EQU 	7
PR2 	EQU 	4027
PREINC0 	EQU 	4076
PREINC1 	EQU 	4068
PREINC2 	EQU 	4060
PRINT119 	EQU 	690
PRINTLEN 	EQU 	18
PRISD 	EQU 	2
PROD 	EQU 	4083
PRODH 	EQU 	4084
PRODL 	EQU 	4083
PSA 	EQU 	3
PSS1AC0 	EQU 	2
PSS1AC1 	EQU 	3
PSS1BD0 	EQU 	0
PSS1BD1 	EQU 	1
PSSAC0 	EQU 	2
PSSAC1 	EQU 	3
PSSBD0 	EQU 	0
PSSBD1 	EQU 	1
PSTR1CON 	EQU 	4025
PVCFG0 	EQU 	2
PVCFG1 	EQU 	3
PWM1CON 	EQU 	4023
PWM1CON_P1RSEN 	EQU 	7
PWM1CON_PDC0 	EQU 	0
PWM1CON_PDC1 	EQU 	1
PWM1CON_PDC2 	EQU 	2
PWM1CON_PDC3 	EQU 	3
PWM1CON_PDC4 	EQU 	4
PWM1CON_PDC5 	EQU 	5
PWM1CON_PDC6 	EQU 	6
PWM1CON_PR1SEN 	EQU 	7
RA0 	EQU 	0
RA1 	EQU 	1
RA2 	EQU 	2
RA3 	EQU 	3
RA4 	EQU 	4
RA5 	EQU 	5
RA6 	EQU 	6
RA7 	EQU 	7
RB0 	EQU 	0
RB1 	EQU 	1
RB2 	EQU 	2
RB3 	EQU 	3
RB4 	EQU 	4
RB5 	EQU 	5
RB6 	EQU 	6
RB7 	EQU 	7
RBPU 	EQU 	7
RC0 	EQU 	0
RC1 	EQU 	1
RC1IE 	EQU 	5
RC1IF 	EQU 	5
RC1IP 	EQU 	5
RC2 	EQU 	2
RC4 	EQU 	4
RC5 	EQU 	5
RC6 	EQU 	6
RC7 	EQU 	7
RCEN 	EQU 	3
RCIDL 	EQU 	6
RCIE 	EQU 	5
RCIF 	EQU 	5
RCIP 	EQU 	5
RCMT 	EQU 	6
RCON 	EQU 	4048
RCREG 	EQU 	4014
RCREG1 	EQU 	4014
RCSTA 	EQU 	4011
RCSTA1 	EQU 	4011
RCSTA1_ADDEN 	EQU 	3
RCSTA1_ADEN 	EQU 	3
RCSTA1_CREN 	EQU 	4
RCSTA1_FERR 	EQU 	2
RCSTA1_OERR 	EQU 	1
RCSTA1_RX9 	EQU 	6
RCSTA1_RX9D 	EQU 	0
RCSTA1_SPEN 	EQU 	7
RCSTA1_SREN 	EQU 	5
RD 	EQU 	0
RD0 	EQU 	0
RD1 	EQU 	1
RD16 	EQU 	1
RD2 	EQU 	2
RD3 	EQU 	3
RD4 	EQU 	4
RD5 	EQU 	5
RD6 	EQU 	6
RD7 	EQU 	7
RE0 	EQU 	0
RE1 	EQU 	1
RE2 	EQU 	2
RE3 	EQU 	3
RESUME 	EQU 	2
RETRYHI2CSEND 	EQU 	196
RI 	EQU 	4
RSEN 	EQU 	1
RX 	EQU 	7
RX9 	EQU 	6
RX9D 	EQU 	0
RXDTP 	EQU 	5
R_NOT_W 	EQU 	2
S 	EQU 	3
SBCDE 	EQU 	2
SBOREN 	EQU 	6
SCIE 	EQU 	5
SCKP 	EQU 	4
SCS0 	EQU 	0
SCS1 	EQU 	1
SDAHT 	EQU 	3
SE0 	EQU 	5
SEN 	EQU 	0
SENDB 	EQU 	3
SIDL 	EQU 	5
SLRA 	EQU 	0
SLRB 	EQU 	1
SLRC 	EQU 	2
SLRCON 	EQU 	3962
SLRD 	EQU 	3
SLRE 	EQU 	4
SMP 	EQU 	7
SOFIE 	EQU 	6
SOFIF 	EQU 	6
SOSCEN 	EQU 	3
SOSCGO 	EQU 	3
SOSCRUN 	EQU 	6
SP0 	EQU 	0
SP1 	EQU 	1
SP2 	EQU 	2
SP3 	EQU 	3
SP4 	EQU 	4
SPBRG 	EQU 	4015
SPBRG1 	EQU 	4015
SPBRG1_BRG0 	EQU 	0
SPBRG1_BRG1 	EQU 	1
SPBRG1_BRG2 	EQU 	2
SPBRG1_BRG3 	EQU 	3
SPBRG1_BRG4 	EQU 	4
SPBRG1_BRG5 	EQU 	5
SPBRG1_BRG6 	EQU 	6
SPBRG1_BRG7 	EQU 	7
SPBRGH 	EQU 	4016
SPBRGH1 	EQU 	4016
SPBRGH1_BRG10 	EQU 	2
SPBRGH1_BRG11 	EQU 	3
SPBRGH1_BRG12 	EQU 	4
SPBRGH1_BRG13 	EQU 	5
SPBRGH1_BRG14 	EQU 	6
SPBRGH1_BRG15 	EQU 	7
SPBRGH1_BRG8 	EQU 	0
SPBRGH1_BRG9 	EQU 	1
SPEN 	EQU 	7
SPLLMULT 	EQU 	7
SPP0 	EQU 	0
SPP1 	EQU 	1
SPP2 	EQU 	2
SPP3 	EQU 	3
SPP4 	EQU 	4
SPP5 	EQU 	5
SPP6 	EQU 	6
SPP7 	EQU 	7
SRCLK0 	EQU 	4
SRCLK1 	EQU 	5
SRCLK2 	EQU 	6
SRCON0 	EQU 	3928
SRCON1 	EQU 	3927
SREN 	EQU 	5
SRLEN 	EQU 	7
SRNQEN 	EQU 	2
SRPR 	EQU 	0
SRPS 	EQU 	1
SRQEN 	EQU 	3
SRRC1E 	EQU 	0
SRRC2E 	EQU 	1
SRRCKE 	EQU 	2
SRRPE 	EQU 	3
SRSC1E 	EQU 	4
SRSC2E 	EQU 	5
SRSCKE 	EQU 	6
SRSPE 	EQU 	7
SSP1ADD 	EQU 	4040
SSP1ADD0 	EQU 	0
SSP1ADD1 	EQU 	1
SSP1ADD2 	EQU 	2
SSP1ADD3 	EQU 	3
SSP1ADD4 	EQU 	4
SSP1ADD5 	EQU 	5
SSP1ADD6 	EQU 	6
SSP1ADD7 	EQU 	7
SSP1BUF 	EQU 	4041
SSP1CON1 	EQU 	4038
SSP1CON2 	EQU 	4037
SSP1CON3 	EQU 	4043
SSP1IE 	EQU 	3
SSP1IF 	EQU 	3
SSP1IP 	EQU 	3
SSP1MD 	EQU 	6
SSP1MSK 	EQU 	4042
SSP1MSK0 	EQU 	0
SSP1MSK1 	EQU 	1
SSP1MSK2 	EQU 	2
SSP1MSK3 	EQU 	3
SSP1MSK4 	EQU 	4
SSP1MSK5 	EQU 	5
SSP1MSK6 	EQU 	6
SSP1MSK7 	EQU 	7
SSP1STAT 	EQU 	4039
SSPADD 	EQU 	4040
SSPADD_SSP1ADD0 	EQU 	0
SSPADD_SSP1ADD1 	EQU 	1
SSPADD_SSP1ADD2 	EQU 	2
SSPADD_SSP1ADD3 	EQU 	3
SSPADD_SSP1ADD4 	EQU 	4
SSPADD_SSP1ADD5 	EQU 	5
SSPADD_SSP1ADD6 	EQU 	6
SSPADD_SSP1ADD7 	EQU 	7
SSPBUF 	EQU 	4041
SSPCON 	EQU 	4038
SSPCON1 	EQU 	4038
SSPCON1_CKP 	EQU 	4
SSPCON1_SSPEN 	EQU 	5
SSPCON1_SSPM0 	EQU 	0
SSPCON1_SSPM1 	EQU 	1
SSPCON1_SSPM2 	EQU 	2
SSPCON1_SSPM3 	EQU 	3
SSPCON1_SSPOV 	EQU 	6
SSPCON1_WCOL 	EQU 	7
SSPCON2 	EQU 	4037
SSPCON2_ACKDT 	EQU 	5
SSPCON2_ACKEN 	EQU 	4
SSPCON2_ACKSTAT 	EQU 	6
SSPCON2_GCEN 	EQU 	7
SSPCON2_PEN 	EQU 	2
SSPCON2_RCEN 	EQU 	3
SSPCON2_RSEN 	EQU 	1
SSPCON2_SEN 	EQU 	0
SSPCON3 	EQU 	4043
SSPCON3_ACKTIM 	EQU 	7
SSPCON3_AHEN 	EQU 	1
SSPCON3_BOEN 	EQU 	4
SSPCON3_DHEN 	EQU 	0
SSPCON3_PCIE 	EQU 	6
SSPCON3_SBCDE 	EQU 	2
SSPCON3_SCIE 	EQU 	5
SSPCON3_SDAHT 	EQU 	3
SSPCON_CKP 	EQU 	4
SSPCON_SSPEN 	EQU 	5
SSPCON_SSPM0 	EQU 	0
SSPCON_SSPM1 	EQU 	1
SSPCON_SSPM2 	EQU 	2
SSPCON_SSPM3 	EQU 	3
SSPCON_SSPOV 	EQU 	6
SSPCON_WCOL 	EQU 	7
SSPEN 	EQU 	5
SSPIE 	EQU 	3
SSPIF 	EQU 	3
SSPIP 	EQU 	3
SSPM0 	EQU 	0
SSPM1 	EQU 	1
SSPM2 	EQU 	2
SSPM3 	EQU 	3
SSPMSK 	EQU 	4042
SSPMSK_SSP1MSK0 	EQU 	0
SSPMSK_SSP1MSK1 	EQU 	1
SSPMSK_SSP1MSK2 	EQU 	2
SSPMSK_SSP1MSK3 	EQU 	3
SSPMSK_SSP1MSK4 	EQU 	4
SSPMSK_SSP1MSK5 	EQU 	5
SSPMSK_SSP1MSK6 	EQU 	6
SSPMSK_SSP1MSK7 	EQU 	7
SSPOV 	EQU 	6
SSPSTAT 	EQU 	4039
SSPSTAT_BF 	EQU 	0
SSPSTAT_CKE 	EQU 	6
SSPSTAT_D_NOT_A 	EQU 	5
SSPSTAT_P 	EQU 	4
SSPSTAT_R_NOT_W 	EQU 	2
SSPSTAT_S 	EQU 	3
SSPSTAT_SMP 	EQU 	7
SSPSTAT_UA 	EQU 	1
STALLIE 	EQU 	5
STALLIF 	EQU 	5
STATUS 	EQU 	4056
STCON 	EQU 	4021
STCON_ACTD 	EQU 	6
STCON_ACTEN 	EQU 	7
STCON_ACTLOCK 	EQU 	3
STCON_ACTOR 	EQU 	1
STCON_ACTORS 	EQU 	1
STCON_ACTSEL 	EQU 	7
STCON_ACTSRC 	EQU 	4
STCON_ACTUD 	EQU 	6
STCON_STEN 	EQU 	7
STCON_STLOCK 	EQU 	3
STCON_STOR 	EQU 	1
STCON_STSRC 	EQU 	4
STCON_STUD 	EQU 	6
STEN 	EQU 	7
STIE 	EQU 	7
STIF 	EQU 	7
STIP 	EQU 	7
STKFUL 	EQU 	7
STKOVF 	EQU 	7
STKPTR 	EQU 	4092
STKUNF 	EQU 	6
STLOCK 	EQU 	3
STMD 	EQU 	4
STOR 	EQU 	1
STR1A 	EQU 	0
STR1B 	EQU 	1
STR1C 	EQU 	2
STR1D 	EQU 	3
STR1SYNC 	EQU 	4
STRA 	EQU 	0
STRB 	EQU 	1
STRC 	EQU 	2
STRD 	EQU 	3
STRINGPOINTER 	EQU 	19
STRINGTABLE1 	EQU 	788
STRSYNC 	EQU 	4
STSRC 	EQU 	4
STUD 	EQU 	6
SUSPND 	EQU 	1
SWDTE 	EQU 	0
SWDTEN 	EQU 	0
SYNC 	EQU 	4
SYSCALCTEMPA 	EQU 	5
SYSDOLOOP_E1 	EQU 	66
SYSDOLOOP_S1 	EQU 	30
SYSFORLOOP1 	EQU 	720
SYSFORLOOPEND1 	EQU 	748
SYSLCDTEMP 	EQU 	20
SYSPRINTDATAHANDLER 	EQU 	21
SYSPRINTDATAHANDLER_H 	EQU 	22
SYSPRINTTEMP 	EQU 	23
SYSREADSTRING 	EQU 	750
SYSREADSTRINGPART 	EQU 	762
SYSREPEATLOOP1 	EQU 	478
SYSREPEATLOOPEND1 	EQU 	488
SYSREPEATTEMP1 	EQU 	24
SYSSTRINGA 	EQU 	7
SYSSTRINGA_H 	EQU 	8
SYSSTRINGLENGTH 	EQU 	6
SYSSTRINGPARAM1 	EQU 	2043
SYSSTRINGREAD 	EQU 	776
SYSSTRINGREADCHECK 	EQU 	770
SYSSTRINGTABLES 	EQU 	788
SYSTEMP1 	EQU 	25
SYSWAITLOOP1 	EQU 	250
SYSWAITLOOP2 	EQU 	264
SYSWAITLOOP3 	EQU 	276
SYSWAITTEMPMS 	EQU 	2
SYSWAITTEMPMS_H 	EQU 	3
SYSWAITTEMPUS 	EQU 	5
SYSWAITTEMPUS_H 	EQU 	6
T08BIT 	EQU 	6
T0CKI 	EQU 	4
T0CON 	EQU 	4053
T0CS 	EQU 	5
T0IE 	EQU 	5
T0IF 	EQU 	2
T0IP 	EQU 	2
T0PS0 	EQU 	0
T0PS1 	EQU 	1
T0PS2 	EQU 	2
T0SE 	EQU 	4
T13CKI 	EQU 	0
T1CKPS0 	EQU 	4
T1CKPS1 	EQU 	5
T1CON 	EQU 	4045
T1DONE 	EQU 	3
T1GCON 	EQU 	4044
T1GGO 	EQU 	3
T1GGO_NOT_DONE 	EQU 	3
T1GGO_NOT_T1DONE 	EQU 	3
T1GPOL 	EQU 	6
T1GSPM 	EQU 	4
T1GSS0 	EQU 	0
T1GSS1 	EQU 	1
T1GTM 	EQU 	5
T1GVAL 	EQU 	2
T1OSCEN 	EQU 	3
T1OSI 	EQU 	1
T1OSO 	EQU 	0
T1RD16 	EQU 	1
T1SOSCEN 	EQU 	3
T1SYNC 	EQU 	2
T2CKPS0 	EQU 	0
T2CKPS1 	EQU 	1
T2CON 	EQU 	4026
T2OUTPS0 	EQU 	3
T2OUTPS1 	EQU 	4
T2OUTPS2 	EQU 	5
T2OUTPS3 	EQU 	6
T3CKPS0 	EQU 	4
T3CKPS1 	EQU 	5
T3CON 	EQU 	4017
T3CON_RD16 	EQU 	1
T3CON_SOSCEN 	EQU 	3
T3DONE 	EQU 	3
T3GCON 	EQU 	4020
T3GGO 	EQU 	3
T3GGO_NOT_DONE 	EQU 	3
T3GGO_NOT_T3DONE 	EQU 	3
T3GPOL 	EQU 	6
T3GSPM 	EQU 	4
T3GSS0 	EQU 	0
T3GSS1 	EQU 	1
T3GTM 	EQU 	5
T3GVAL 	EQU 	2
T3OSCEN 	EQU 	3
T3RD16 	EQU 	1
T3SOSCEN 	EQU 	3
T3SYNC 	EQU 	2
TABLAT 	EQU 	4085
TBLPTR 	EQU 	4086
TBLPTRH 	EQU 	4087
TBLPTRL 	EQU 	4086
TBLPTRU 	EQU 	4088
TGEN 	EQU 	4
TMR0 	EQU 	4054
TMR0H 	EQU 	4055
TMR0IE 	EQU 	5
TMR0IF 	EQU 	2
TMR0IP 	EQU 	2
TMR0L 	EQU 	4054
TMR0ON 	EQU 	7
TMR1 	EQU 	4046
TMR1CS0 	EQU 	6
TMR1CS1 	EQU 	7
TMR1GE 	EQU 	7
TMR1GIE 	EQU 	0
TMR1GIF 	EQU 	0
TMR1GIP 	EQU 	0
TMR1H 	EQU 	4047
TMR1IE 	EQU 	0
TMR1IF 	EQU 	0
TMR1IP 	EQU 	0
TMR1L 	EQU 	4046
TMR1MD 	EQU 	0
TMR1ON 	EQU 	0
TMR2 	EQU 	4028
TMR2IE 	EQU 	1
TMR2IF 	EQU 	1
TMR2IP 	EQU 	1
TMR2MD 	EQU 	1
TMR2ON 	EQU 	2
TMR3 	EQU 	4018
TMR3CS0 	EQU 	6
TMR3CS1 	EQU 	7
TMR3GE 	EQU 	7
TMR3GIE 	EQU 	1
TMR3GIF 	EQU 	1
TMR3GIP 	EQU 	1
TMR3H 	EQU 	4019
TMR3IE 	EQU 	1
TMR3IF 	EQU 	1
TMR3IP 	EQU 	1
TMR3L 	EQU 	4018
TMR3MD 	EQU 	2
TMR3ON 	EQU 	0
TO 	EQU 	3
TOS 	EQU 	4093
TOSH 	EQU 	4094
TOSL 	EQU 	4093
TOSU 	EQU 	4095
TRIGEN 	EQU 	0
TRIGSEL 	EQU 	7
TRISA 	EQU 	3986
TRISA0 	EQU 	0
TRISA1 	EQU 	1
TRISA2 	EQU 	2
TRISA3 	EQU 	3
TRISA4 	EQU 	4
TRISA5 	EQU 	5
TRISA6 	EQU 	6
TRISA7 	EQU 	7
TRISA_RA0 	EQU 	0
TRISA_RA1 	EQU 	1
TRISA_RA2 	EQU 	2
TRISA_RA3 	EQU 	3
TRISA_RA4 	EQU 	4
TRISA_RA5 	EQU 	5
TRISA_RA6 	EQU 	6
TRISA_RA7 	EQU 	7
TRISA_TRISA0 	EQU 	0
TRISA_TRISA1 	EQU 	1
TRISA_TRISA2 	EQU 	2
TRISA_TRISA3 	EQU 	3
TRISA_TRISA4 	EQU 	4
TRISA_TRISA5 	EQU 	5
TRISA_TRISA6 	EQU 	6
TRISA_TRISA7 	EQU 	7
TRISB 	EQU 	3987
TRISB0 	EQU 	0
TRISB1 	EQU 	1
TRISB2 	EQU 	2
TRISB3 	EQU 	3
TRISB4 	EQU 	4
TRISB5 	EQU 	5
TRISB6 	EQU 	6
TRISB7 	EQU 	7
TRISB_RB0 	EQU 	0
TRISB_RB1 	EQU 	1
TRISB_RB2 	EQU 	2
TRISB_RB3 	EQU 	3
TRISB_RB4 	EQU 	4
TRISB_RB5 	EQU 	5
TRISB_RB6 	EQU 	6
TRISB_RB7 	EQU 	7
TRISB_TRISB0 	EQU 	0
TRISB_TRISB1 	EQU 	1
TRISB_TRISB2 	EQU 	2
TRISB_TRISB3 	EQU 	3
TRISB_TRISB4 	EQU 	4
TRISB_TRISB5 	EQU 	5
TRISB_TRISB6 	EQU 	6
TRISB_TRISB7 	EQU 	7
TRISC 	EQU 	3988
TRISC0 	EQU 	0
TRISC1 	EQU 	1
TRISC2 	EQU 	2
TRISC4 	EQU 	4
TRISC5 	EQU 	5
TRISC6 	EQU 	6
TRISC7 	EQU 	7
TRISC_RC0 	EQU 	0
TRISC_RC1 	EQU 	1
TRISC_RC2 	EQU 	2
TRISC_RC6 	EQU 	6
TRISC_RC7 	EQU 	7
TRISC_TRISC0 	EQU 	0
TRISC_TRISC1 	EQU 	1
TRISC_TRISC2 	EQU 	2
TRISC_TRISC4 	EQU 	4
TRISC_TRISC5 	EQU 	5
TRISC_TRISC6 	EQU 	6
TRISC_TRISC7 	EQU 	7
TRISD 	EQU 	3989
TRISD0 	EQU 	0
TRISD1 	EQU 	1
TRISD2 	EQU 	2
TRISD3 	EQU 	3
TRISD4 	EQU 	4
TRISD5 	EQU 	5
TRISD6 	EQU 	6
TRISD7 	EQU 	7
TRISD_RD0 	EQU 	0
TRISD_RD1 	EQU 	1
TRISD_RD2 	EQU 	2
TRISD_RD3 	EQU 	3
TRISD_RD4 	EQU 	4
TRISD_RD5 	EQU 	5
TRISD_RD6 	EQU 	6
TRISD_RD7 	EQU 	7
TRISD_TRISD0 	EQU 	0
TRISD_TRISD1 	EQU 	1
TRISD_TRISD2 	EQU 	2
TRISD_TRISD3 	EQU 	3
TRISD_TRISD4 	EQU 	4
TRISD_TRISD5 	EQU 	5
TRISD_TRISD6 	EQU 	6
TRISD_TRISD7 	EQU 	7
TRISE 	EQU 	3990
TRISE0 	EQU 	0
TRISE1 	EQU 	1
TRISE2 	EQU 	2
TRISE_RE0 	EQU 	0
TRISE_RE1 	EQU 	1
TRISE_RE2 	EQU 	2
TRISE_TRISE0 	EQU 	0
TRISE_TRISE1 	EQU 	1
TRISE_TRISE2 	EQU 	2
TRISE_WPUE3 	EQU 	7
TRMT 	EQU 	1
TRNIE 	EQU 	3
TRNIF 	EQU 	3
TSEN 	EQU 	3
TSRNG 	EQU 	2
TUN0 	EQU 	0
TUN1 	EQU 	1
TUN2 	EQU 	2
TUN3 	EQU 	3
TUN4 	EQU 	4
TUN5 	EQU 	5
TUN6 	EQU 	6
TX 	EQU 	6
TX1IE 	EQU 	4
TX1IF 	EQU 	4
TX1IP 	EQU 	4
TX9 	EQU 	6
TX9D 	EQU 	0
TXCKP 	EQU 	4
TXEN 	EQU 	5
TXIE 	EQU 	4
TXIF 	EQU 	4
TXIP 	EQU 	4
TXREG 	EQU 	4013
TXREG1 	EQU 	4013
TXSTA 	EQU 	4012
TXSTA1 	EQU 	4012
TXSTA1_BRGH 	EQU 	2
TXSTA1_CSRC 	EQU 	7
TXSTA1_SENDB 	EQU 	3
TXSTA1_SYNC 	EQU 	4
TXSTA1_TRMT 	EQU 	1
TXSTA1_TX9 	EQU 	6
TXSTA1_TX9D 	EQU 	0
TXSTA1_TXEN 	EQU 	5
UA 	EQU 	1
UADDR 	EQU 	3939
UART1MD 	EQU 	6
UARTMD 	EQU 	6
UCFG 	EQU 	3938
UCON 	EQU 	3936
UEIE 	EQU 	3942
UEIR 	EQU 	3943
UEP0 	EQU 	3946
UEP0_EPCONDIS 	EQU 	3
UEP0_EPHSHK 	EQU 	4
UEP0_EPINEN 	EQU 	1
UEP0_EPOUTEN 	EQU 	2
UEP0_EPSTALL 	EQU 	0
UEP1 	EQU 	3947
UEP10 	EQU 	3956
UEP10_EPCONDIS 	EQU 	3
UEP10_EPHSHK 	EQU 	4
UEP10_EPINEN 	EQU 	1
UEP10_EPOUTEN 	EQU 	2
UEP10_EPSTALL 	EQU 	0
UEP11 	EQU 	3957
UEP11_EPCONDIS 	EQU 	3
UEP11_EPHSHK 	EQU 	4
UEP11_EPINEN 	EQU 	1
UEP11_EPOUTEN 	EQU 	2
UEP11_EPSTALL 	EQU 	0
UEP12 	EQU 	3958
UEP12_EPCONDIS 	EQU 	3
UEP12_EPHSHK 	EQU 	4
UEP12_EPINEN 	EQU 	1
UEP12_EPOUTEN 	EQU 	2
UEP12_EPSTALL 	EQU 	0
UEP13 	EQU 	3959
UEP13_EPCONDIS 	EQU 	3
UEP13_EPHSHK 	EQU 	4
UEP13_EPINEN 	EQU 	1
UEP13_EPOUTEN 	EQU 	2
UEP13_EPSTALL 	EQU 	0
UEP14 	EQU 	3960
UEP14_EPCONDIS 	EQU 	3
UEP14_EPHSHK 	EQU 	4
UEP14_EPINEN 	EQU 	1
UEP14_EPOUTEN 	EQU 	2
UEP14_EPSTALL 	EQU 	0
UEP15 	EQU 	3961
UEP15_EPCONDIS 	EQU 	3
UEP15_EPHSHK 	EQU 	4
UEP15_EPINEN 	EQU 	1
UEP15_EPOUTEN 	EQU 	2
UEP15_EPSTALL 	EQU 	0
UEP2 	EQU 	3948
UEP2_EPCONDIS 	EQU 	3
UEP2_EPHSHK 	EQU 	4
UEP2_EPINEN 	EQU 	1
UEP2_EPOUTEN 	EQU 	2
UEP2_EPSTALL 	EQU 	0
UEP3 	EQU 	3949
UEP3_EPCONDIS 	EQU 	3
UEP3_EPHSHK 	EQU 	4
UEP3_EPINEN 	EQU 	1
UEP3_EPOUTEN 	EQU 	2
UEP3_EPSTALL 	EQU 	0
UEP4 	EQU 	3950
UEP4_EPCONDIS 	EQU 	3
UEP4_EPHSHK 	EQU 	4
UEP4_EPINEN 	EQU 	1
UEP4_EPOUTEN 	EQU 	2
UEP4_EPSTALL 	EQU 	0
UEP5 	EQU 	3951
UEP5_EPCONDIS 	EQU 	3
UEP5_EPHSHK 	EQU 	4
UEP5_EPINEN 	EQU 	1
UEP5_EPOUTEN 	EQU 	2
UEP5_EPSTALL 	EQU 	0
UEP6 	EQU 	3952
UEP6_EPCONDIS 	EQU 	3
UEP6_EPHSHK 	EQU 	4
UEP6_EPINEN 	EQU 	1
UEP6_EPOUTEN 	EQU 	2
UEP6_EPSTALL 	EQU 	0
UEP7 	EQU 	3953
UEP7_EPCONDIS 	EQU 	3
UEP7_EPHSHK 	EQU 	4
UEP7_EPINEN 	EQU 	1
UEP7_EPOUTEN 	EQU 	2
UEP7_EPSTALL 	EQU 	0
UEP8 	EQU 	3954
UEP8_EPCONDIS 	EQU 	3
UEP8_EPHSHK 	EQU 	4
UEP8_EPINEN 	EQU 	1
UEP8_EPOUTEN 	EQU 	2
UEP8_EPSTALL 	EQU 	0
UEP9 	EQU 	3955
UEP9_EPCONDIS 	EQU 	3
UEP9_EPHSHK 	EQU 	4
UEP9_EPINEN 	EQU 	1
UEP9_EPOUTEN 	EQU 	2
UEP9_EPSTALL 	EQU 	0
UERRIE 	EQU 	1
UERRIF 	EQU 	1
UFRM 	EQU 	3944
UFRMH 	EQU 	3945
UFRML 	EQU 	3944
UIE 	EQU 	3940
UIR 	EQU 	3941
UOEMON 	EQU 	6
UPUEN 	EQU 	4
URSTIE 	EQU 	0
URSTIF 	EQU 	0
USBEN 	EQU 	3
USBIE 	EQU 	2
USBIF 	EQU 	2
USBIP 	EQU 	2
USBMD 	EQU 	5
USTAT 	EQU 	3937
UTEYE 	EQU 	7
UTRDIS 	EQU 	3
VDIRMAG 	EQU 	7
VREFCON0 	EQU 	3965
VREFCON1 	EQU 	3964
VREFCON2 	EQU 	3963
VREFM 	EQU 	2
VREFP 	EQU 	3
VREGCON 	EQU 	3930
W 	EQU 	0
WCOL 	EQU 	7
WDTCON 	EQU 	4049
WPUB 	EQU 	3973
WPUB0 	EQU 	0
WPUB1 	EQU 	1
WPUB2 	EQU 	2
WPUB3 	EQU 	3
WPUB4 	EQU 	4
WPUB5 	EQU 	5
WPUB6 	EQU 	6
WPUB7 	EQU 	7
WPUE3 	EQU 	7
WR 	EQU 	1
WREG 	EQU 	4072
WREN 	EQU 	2
WRERR 	EQU 	3
WUE 	EQU 	1
Z 	EQU 	2

Code:
Loc	Obj Code	Original Assembly
































	K	1111 KKKK KKKK KKKK:1110 1111 KKKK KKKK	12

	S	 0000 0000 0001 000S	0



		BASPROGRAMSTART
	N	 1101 1NNN NNNN NNNN	240
	N	 1101 1NNN NNNN NNNN	336
	N	 1101 1NNN NNNN NNNN	56
	N	 1101 1NNN NNNN NNNN	218

	F	 1000 BBBA FFFF FFFF	3987
	B	 1000 BBBA 1001 0011	0
	A	 1000 000A 1001 0011	0
	F	 1000 BBBA FFFF FFFF	3987
	B	 1000 BBBA 1001 0011	1
	A	 1000 001A 1001 0011	0
	K	 0000 1110 KKKK KKKK	12
	F	 0110 111A FFFF FFFF	9
	A	 0110 111A 0000 1001	0
	N	 1101 1NNN NNNN NNNN	52
		SYSDOLOOP_S1
	N	 1101 1NNN NNNN NNNN	19
	F	1110 1110 00FF KKKK:1111 0000 KKKK KKKK	1
	K	1110 1110 0001 KKKK:1111 0000 KKKK KKKK	2043
	K	 0000 1110 KKKK KKKK	20
	F	 0110 111A FFFF FFFF	4086
	A	 0110 111A 1111 0110	0
	K	 0000 1110 KKKK KKKK	3
	F	 0110 111A FFFF FFFF	4087
	A	 0110 111A 1111 0111	0
	N	 1101 1NNN NNNN NNNN	352
	K	 0000 1110 KKKK KKKK	251
	F	 0110 111A FFFF FFFF	21
	A	 0110 111A 0001 0101	0
	K	 0000 1110 KKKK KKKK	7
	F	 0110 111A FFFF FFFF	22
	A	 0110 111A 0001 0110	0
	N	 1101 1NNN NNNN NNNN	317
	K	 0000 1110 KKKK KKKK	250
	F	 0110 111A FFFF FFFF	2
	A	 0110 111A 0000 0010	0
	F	 0110 101A FFFF FFFF	3
	A	 0110 101A 0000 0011	0
	N	 1101 1NNN NNNN NNNN	19
	N	 1101 0NNN NNNN NNNN	2030
		SYSDOLOOP_E1
		BASPROGRAMEND
	N	 1101 0NNN NNNN NNNN	2046


		CLS
	F	 1001 BBBA FFFF FFFF	20
	B	 1001 BBBA 0001 0100	1
	A	 1001 001A 0001 0100	0
	K	 0000 1110 KKKK KKKK	1
	F	 0110 111A FFFF FFFF	14
	A	 0110 111A 0000 1110	0
	N	 1101 1NNN NNNN NNNN	232
	K	 0000 1110 KKKK KKKK	4
	F	 0110 111A FFFF FFFF	2
	A	 0110 111A 0000 0010	0
	F	 0110 101A FFFF FFFF	3
	A	 0110 101A 0000 0011	0
	N	 1101 1NNN NNNN NNNN	8
	K	 0000 1110 KKKK KKKK	128
	F	 0110 111A FFFF FFFF	14
	A	 0110 111A 0000 1110	0
	N	 1101 1NNN NNNN NNNN	225
	K	 0000 1110 KKKK KKKK	133
	F	 0110 111A FFFF FFFF	0
	A	 0110 111A 0000 0000	0
		DELAYUS1
	F	 0010 11DA FFFF FFFF	0
	D	 0010 11DA 0000 0000	1
	A	 0010 111A 0000 0000	0
	N	 1101 0NNN NNNN NNNN	2046
	S	 0000 0000 0001 001S	0


		DELAY_MS
	F	 0010 10DA FFFF FFFF	3
	D	 0010 10DA 0000 0011	1
	A	 0010 101A 0000 0011	0
		DMS_START
	K	 0000 1110 KKKK KKKK	14
	F	 0110 111A FFFF FFFF	1
	A	 0110 111A 0000 0001	0
		DMS_OUTER
	K	 0000 1110 KKKK KKKK	189
	F	 0110 111A FFFF FFFF	0
	A	 0110 111A 0000 0000	0
		DMS_INNER
	F	 0010 11DA FFFF FFFF	0
	D	 0010 11DA 0000 0000	1
	A	 0010 111A 0000 0000	0
	N	 1101 0NNN NNNN NNNN	2046
	F	 0010 11DA FFFF FFFF	1
	D	 0010 11DA 0000 0001	1
	A	 0010 111A 0000 0001	0
	N	 1101 0NNN NNNN NNNN	2042
	F	 0010 11DA FFFF FFFF	2
	D	 0010 11DA 0000 0010	1
	A	 0010 111A 0000 0010	0
	N	 1101 0NNN NNNN NNNN	2038
	F	 0010 11DA FFFF FFFF	3
	D	 0010 11DA 0000 0011	1
	A	 0010 111A 0000 0011	0
	N	 1101 0NNN NNNN NNNN	2036
	S	 0000 0000 0001 001S	0


		HI2CINIT
	F	 0110 101A FFFF FFFF	9
	A	 0110 101A 0000 1001	0
	S	 0000 0000 0001 001S	0


		HI2CMODE
	F	 1000 BBBA FFFF FFFF	4039
	B	 1000 BBBA 1100 0111	7
	A	 1000 111A 1100 0111	0
	F	 1000 BBBA FFFF FFFF	4038
	B	 1000 BBBA 1100 0110	4
	A	 1000 100A 1100 0110	0
	F	 1001 BBBA FFFF FFFF	4038
	B	 1001 BBBA 1100 0110	7
	A	 1001 111A 1100 0110	0
	K	 0000 1110 KKKK KKKK	12
	F	 0101 11DA FFFF FFFF	9
	D	 0101 11DA 0000 1001	0
	A	 0101 110A 0000 1001	0
	F	 1010 BBBA FFFF FFFF	4056
	B	 1010 BBBA 1101 1000	2
	A	 1010 010A 1101 1000	0
	N	 1101 0NNN NNNN NNNN	7
	F	 1000 BBBA FFFF FFFF	4038
	B	 1000 BBBA 1100 0110	3
	A	 1000 011A 1100 0110	0
	F	 1001 BBBA FFFF FFFF	4038
	B	 1001 BBBA 1100 0110	2
	A	 1001 010A 1100 0110	0
	F	 1001 BBBA FFFF FFFF	4038
	B	 1001 BBBA 1100 0110	1
	A	 1001 001A 1100 0110	0
	F	 1001 BBBA FFFF FFFF	4038
	B	 1001 BBBA 1100 0110	0
	A	 1001 000A 1100 0110	0
	K	 0000 1110 KKKK KKKK	127
	F	 0001 01DA FFFF FFFF	11
	D	 0001 01DA 0000 1011	0
	A	 0001 010A 0000 1011	0
	F	 0110 111A FFFF FFFF	4040
	A	 0110 111A 1100 1000	0
		ENDIF17
	F	 0101 00DA FFFF FFFF	9
	D	 0101 00DA 0000 1001	1
	A	 0101 001A 0000 1001	0
	F	 1010 BBBA FFFF FFFF	4056
	B	 1010 BBBA 1101 1000	2
	A	 1010 010A 1101 1000	0
	N	 1101 0NNN NNNN NNNN	4
	F	 1001 BBBA FFFF FFFF	4038
	B	 1001 BBBA 1100 0110	3
	A	 1001 011A 1100 0110	0
	F	 1000 BBBA FFFF FFFF	4038
	B	 1000 BBBA 1100 0110	2
	A	 1000 010A 1100 0110	0
	F	 1000 BBBA FFFF FFFF	4038
	B	 1000 BBBA 1100 0110	1
	A	 1000 001A 1100 0110	0
	F	 1001 BBBA FFFF FFFF	4038
	B	 1001 BBBA 1100 0110	0
	A	 1001 000A 1100 0110	0
		ENDIF18
	K	 0000 1110 KKKK KKKK	3
	F	 0101 11DA FFFF FFFF	9
	D	 0101 11DA 0000 1001	0
	A	 0101 110A 0000 1001	0
	F	 1010 BBBA FFFF FFFF	4056
	B	 1010 BBBA 1101 1000	2
	A	 1010 010A 1101 1000	0
	N	 1101 0NNN NNNN NNNN	4
	F	 1001 BBBA FFFF FFFF	4038
	B	 1001 BBBA 1100 0110	3
	A	 1001 011A 1100 0110	0
	F	 1000 BBBA FFFF FFFF	4038
	B	 1000 BBBA 1100 0110	2
	A	 1000 010A 1100 0110	0
	F	 1000 BBBA FFFF FFFF	4038
	B	 1000 BBBA 1100 0110	1
	A	 1000 001A 1100 0110	0
	F	 1000 BBBA FFFF FFFF	4038
	B	 1000 BBBA 1100 0110	0
	A	 1000 000A 1100 0110	0
		ENDIF19
	F	 1000 BBBA FFFF FFFF	4038
	B	 1000 BBBA 1100 0110	5
	A	 1000 101A 1100 0110	0
	S	 0000 0000 0001 001S	0


		HI2CSEND
		RETRYHI2CSEND
	F	 1001 BBBA FFFF FFFF	4038
	B	 1001 BBBA 1100 0110	7
	A	 1001 111A 1100 0110	0
	S	1111 DDDD DDDD DDDD:1100 SSSS SSSS SSSS	12
	D	1111 DDDD DDDD DDDD:1100 0000 0000 1100	4041
	N	 1101 1NNN NNNN NNNN	39
	F	 1010 BBBA FFFF FFFF	4037
	B	 1010 BBBA 1100 0101	6
	A	 1010 110A 1100 0101	0
	N	 1101 0NNN NNNN NNNN	2
	F	 0110 100A FFFF FFFF	4
	A	 0110 100A 0000 0100	0
	N	 1101 0NNN NNNN NNNN	1
		ELSE22_1
	F	 0110 101A FFFF FFFF	4
	A	 0110 101A 0000 0100	0
		ENDIF22
	F	 1010 BBBA FFFF FFFF	4038
	B	 1010 BBBA 1100 0110	7
	A	 1010 111A 1100 0110	0
	N	 1101 0NNN NNNN NNNN	4
	F	 0101 00DA FFFF FFFF	9
	D	 0101 00DA 0000 1001	0
	A	 0101 000A 0000 1001	0
	K	 0000 1000 KKKK KKKK	10
	F	 1011 BBBA FFFF FFFF	4056
	B	 1011 BBBA 1101 1000	0
	A	 1011 000A 1101 1000	0
	N	 1101 0NNN NNNN NNNN	2033
		ENDIF23
	F	 0101 00DA FFFF FFFF	9
	D	 0101 00DA 0000 1001	0
	A	 0101 000A 0000 1001	0
	K	 0000 1000 KKKK KKKK	10
	F	 1011 BBBA FFFF FFFF	4056
	B	 1011 BBBA 1101 1000	0
	A	 1011 000A 1101 1000	0
	F	 1000 BBBA FFFF FFFF	4038
	B	 1000 BBBA 1100 0110	4
	A	 1000 100A 1100 0110	0
	S	 0000 0000 0001 001S	0


		HI2CSTART
	F	 0101 00DA FFFF FFFF	9
	D	 0101 00DA 0000 1001	0
	A	 0101 000A 0000 1001	0
	K	 0000 1000 KKKK KKKK	10
	F	 1011 BBBA FFFF FFFF	4056
	B	 1011 BBBA 1101 1000	0
	A	 1011 000A 1101 1000	0
	N	 1101 0NNN NNNN NNNN	3
	F	 1000 BBBA FFFF FFFF	4037
	B	 1000 BBBA 1100 0101	0
	A	 1000 000A 1100 0101	0
	N	 1101 1NNN NNNN NNNN	17
	N	 1101 0NNN NNNN NNNN	2
		ELSE20_1
		SYSWAITLOOP1
	F	 1010 BBBA FFFF FFFF	4039
	B	 1010 BBBA 1100 0111	3
	A	 1010 011A 1100 0111	0
	N	 1101 0NNN NNNN NNNN	2046
		ENDIF20
	S	 0000 0000 0001 001S	0


		HI2CSTOP
	F	 0101 00DA FFFF FFFF	9
	D	 0101 00DA 0000 1001	0
	A	 0101 000A 0000 1001	0
	K	 0000 1000 KKKK KKKK	10
	F	 1011 BBBA FFFF FFFF	4056
	B	 1011 BBBA 1101 1000	0
	A	 1011 000A 1101 1000	0
	N	 1101 0NNN NNNN NNNN	6
		SYSWAITLOOP2
	F	 1011 BBBA FFFF FFFF	4039
	B	 1011 BBBA 1100 0111	2
	A	 1011 010A 1100 0111	0
	N	 1101 0NNN NNNN NNNN	2046
	F	 1000 BBBA FFFF FFFF	4037
	B	 1000 BBBA 1100 0101	2
	A	 1000 010A 1100 0101	0
	F	 1000 BBBA FFFF FFFF	4037
	B	 1000 BBBA 1100 0101	2
	A	 1000 010A 1100 0101	0
	N	 1101 1NNN NNNN NNNN	4
	N	 1101 0NNN NNNN NNNN	2
		ELSE21_1
		SYSWAITLOOP3
	F	 1010 BBBA FFFF FFFF	4039
	B	 1010 BBBA 1100 0111	4
	A	 1010 100A 1100 0111	0
	N	 1101 0NNN NNNN NNNN	2046
		ENDIF21
	S	 0000 0000 0001 001S	0


		HI2CWAITMSSP
	F	 0110 101A FFFF FFFF	10
	A	 0110 101A 0000 1010	0
		HI2CWAITMSSPWAIT
	F	 0010 10DA FFFF FFFF	10
	D	 0010 10DA 0000 1010	1
	A	 0010 101A 0000 1010	0
	K	 0000 1110 KKKK KKKK	255
	F	 0101 11DA FFFF FFFF	10
	D	 0101 11DA 0000 1010	0
	A	 0101 110A 0000 1010	0
	F	 1011 BBBA FFFF FFFF	4056
	B	 1011 BBBA 1101 1000	0
	A	 1011 000A 1101 1000	0
	N	 1101 0NNN NNNN NNNN	8
	F	 1011 BBBA FFFF FFFF	3998
	B	 1011 BBBA 1001 1110	3
	A	 1011 011A 1001 1110	0
	N	 1101 0NNN NNNN NNNN	5
	K	 0000 1110 KKKK KKKK	5
	F	 0110 111A FFFF FFFF	0
	A	 0110 111A 0000 0000	0
		DELAYUS3
	F	 0010 11DA FFFF FFFF	0
	D	 0010 11DA 0000 0000	1
	A	 0010 111A 0000 0000	0
	N	 1101 0NNN NNNN NNNN	2046
	N	 1101 0NNN NNNN NNNN	2036
		ENDIF28
	F	 1001 BBBA FFFF FFFF	3998
	B	 1001 BBBA 1001 1110	3
	A	 1001 011A 1001 1110	0
		ENDIF26
	F	 0010 10DA FFFF FFFF	10
	D	 0010 10DA 0000 1010	0
	A	 0010 100A 0000 1010	0
	F	 1011 BBBA FFFF FFFF	4056
	B	 1011 BBBA 1101 1000	2
	A	 1011 010A 1101 1000	0
	F	 1001 BBBA FFFF FFFF	4001
	B	 1001 BBBA 1010 0001	3
	A	 1001 011A 1010 0001	0
	S	 0000 0000 0001 001S	0


		INITI2CLCD
	K	 0000 1110 KKKK KKKK	15
	F	 0110 111A FFFF FFFF	2
	A	 0110 111A 0000 0010	0
	F	 0110 101A FFFF FFFF	3
	A	 0110 101A 0000 0011	0
	N	 1101 1NNN NNNN NNNN	1936
	F	 0110 101A FFFF FFFF	13
	A	 0110 101A 0000 1101	0
	K	 0000 1110 KKKK KKKK	3
	F	 0110 111A FFFF FFFF	14
	A	 0110 111A 0000 1110	0
	N	 1101 1NNN NNNN NNNN	104
	K	 0000 1110 KKKK KKKK	5
	F	 0110 111A FFFF FFFF	2
	A	 0110 111A 0000 0010	0
	F	 0110 101A FFFF FFFF	3
	A	 0110 101A 0000 0011	0
	N	 1101 1NNN NNNN NNNN	1928
	K	 0000 1110 KKKK KKKK	3
	F	 0110 111A FFFF FFFF	14
	A	 0110 111A 0000 1110	0
	N	 1101 1NNN NNNN NNNN	97
	K	 0000 1110 KKKK KKKK	1
	F	 0110 111A FFFF FFFF	2
	A	 0110 111A 0000 0010	0
	F	 0110 101A FFFF FFFF	3
	A	 0110 101A 0000 0011	0
	N	 1101 1NNN NNNN NNNN	1921
	K	 0000 1110 KKKK KKKK	3
	F	 0110 111A FFFF FFFF	14
	A	 0110 111A 0000 1110	0
	N	 1101 1NNN NNNN NNNN	90
	K	 0000 1110 KKKK KKKK	1
	F	 0110 111A FFFF FFFF	2
	A	 0110 111A 0000 0010	0
	F	 0110 101A FFFF FFFF	3
	A	 0110 101A 0000 0011	0
	N	 1101 1NNN NNNN NNNN	1914
	K	 0000 1110 KKKK KKKK	3
	F	 0110 111A FFFF FFFF	14
	A	 0110 111A 0000 1110	0
	N	 1101 1NNN NNNN NNNN	83
	K	 0000 1110 KKKK KKKK	1
	F	 0110 111A FFFF FFFF	2
	A	 0110 111A 0000 0010	0
	F	 0110 101A FFFF FFFF	3
	A	 0110 101A 0000 0011	0
	N	 1101 1NNN NNNN NNNN	1907
	K	 0000 1110 KKKK KKKK	2
	F	 0110 111A FFFF FFFF	14
	A	 0110 111A 0000 1110	0
	N	 1101 1NNN NNNN NNNN	76
	K	 0000 1110 KKKK KKKK	1
	F	 0110 111A FFFF FFFF	2
	A	 0110 111A 0000 0010	0
	F	 0110 101A FFFF FFFF	3
	A	 0110 101A 0000 0011	0
	N	 1101 1NNN NNNN NNNN	1900
	K	 0000 1110 KKKK KKKK	40
	F	 0110 111A FFFF FFFF	14
	A	 0110 111A 0000 1110	0
	N	 1101 1NNN NNNN NNNN	69
	K	 0000 1110 KKKK KKKK	1
	F	 0110 111A FFFF FFFF	2
	A	 0110 111A 0000 0010	0
	F	 0110 101A FFFF FFFF	3
	A	 0110 101A 0000 0011	0
	N	 1101 1NNN NNNN NNNN	1893
	K	 0000 1110 KKKK KKKK	12
	F	 0110 111A FFFF FFFF	14
	A	 0110 111A 0000 1110	0
	N	 1101 1NNN NNNN NNNN	62
	K	 0000 1110 KKKK KKKK	1
	F	 0110 111A FFFF FFFF	2
	A	 0110 111A 0000 0010	0
	F	 0110 101A FFFF FFFF	3
	A	 0110 101A 0000 0011	0
	N	 1101 1NNN NNNN NNNN	1886
	K	 0000 1110 KKKK KKKK	1
	F	 0110 111A FFFF FFFF	14
	A	 0110 111A 0000 1110	0
	N	 1101 1NNN NNNN NNNN	55
	K	 0000 1110 KKKK KKKK	15
	F	 0110 111A FFFF FFFF	2
	A	 0110 111A 0000 0010	0
	F	 0110 101A FFFF FFFF	3
	A	 0110 101A 0000 0011	0
	N	 1101 1NNN NNNN NNNN	1879
	K	 0000 1110 KKKK KKKK	6
	F	 0110 111A FFFF FFFF	14
	A	 0110 111A 0000 1110	0
	N	 1101 1NNN NNNN NNNN	48
	K	 0000 1110 KKKK KKKK	1
	F	 0110 111A FFFF FFFF	2
	A	 0110 111A 0000 0010	0
	F	 0110 101A FFFF FFFF	3
	A	 0110 101A 0000 0011	0
	N	 1101 1NNN NNNN NNNN	1872
	N	 1101 0NNN NNNN NNNN	1855


		INITLCD
	K	 0000 1110 KKKK KKKK	12
	F	 0110 111A FFFF FFFF	9
	A	 0110 111A 0000 1001	0
	N	 1101 1NNN NNNN NNNN	1884
	K	 0000 1110 KKKK KKKK	1
	F	 0110 111A FFFF FFFF	15
	A	 0110 111A 0000 1111	0
	K	 0000 1110 KKKK KKKK	2
	F	 0110 111A FFFF FFFF	2
	A	 0110 111A 0000 0010	0
	F	 0110 101A FFFF FFFF	3
	A	 0110 101A 0000 0011	0
	N	 1101 1NNN NNNN NNNN	1862
	K	 0000 1110 KKKK KKKK	2
	F	 0110 111A FFFF FFFF	24
	A	 0110 111A 0001 1000	0
		SYSREPEATLOOP1
	K	 0000 1110 KKKK KKKK	78
	F	 0110 111A FFFF FFFF	16
	A	 0110 111A 0001 0000	0
	N	 1101 1NNN NNNN NNNN	1965
	F	 0010 11DA FFFF FFFF	24
	D	 0010 11DA 0001 1000	1
	A	 0010 111A 0001 1000	0
	N	 1101 0NNN NNNN NNNN	2043
		SYSREPEATLOOPEND1
	K	 0000 1110 KKKK KKKK	12
	F	 0110 111A FFFF FFFF	17
	A	 0110 111A 0001 0001	0
	S	 0000 0000 0001 001S	0


		INITSYS
	K	 0000 0001 00KK KKKK	0
	F	 1000 BBBA FFFF FFFF	4051
	B	 1000 BBBA 1101 0011	6
	A	 1000 110A 1101 0011	0
	F	 1000 BBBA FFFF FFFF	4051
	B	 1000 BBBA 1101 0011	5
	A	 1000 101A 1101 0011	0
	F	 1001 BBBA FFFF FFFF	4051
	B	 1001 BBBA 1101 0011	4
	A	 1001 100A 1101 0011	0
	F	 1000 BBBA FFFF FFFF	4050
	B	 1000 BBBA 1101 0010	4
	A	 1000 100A 1101 0010	0
	F	 1001 BBBA FFFF FFFF	3995
	B	 1001 BBBA 1001 1011	7
	A	 1001 111A 1001 1011	0
	F	 0110 101A FFFF FFFF	4088
	A	 0110 101A 1111 1000	0
	F	 1001 BBBA FFFF FFFF	4032
	B	 1001 BBBA 1100 0000	7
	A	 1001 111A 1100 0000	0
	F	 1001 BBBA FFFF FFFF	4034
	B	 1001 BBBA 1100 0010	0
	A	 1001 000A 1100 0010	0
	K	 0000 0001 00KK KKKK	15
	F	 0110 101A FFFF FFFF	3931
	A	 0110 101A 0101 1011	1
	F	 0110 101A FFFF FFFF	3932
	A	 0110 101A 0101 1100	1
	F	 0110 101A FFFF FFFF	3933
	A	 0110 101A 0101 1101	1
	F	 0110 101A FFFF FFFF	3934
	A	 0110 101A 0101 1110	1
	F	 0110 101A FFFF FFFF	3935
	A	 0110 101A 0101 1111	1
	F	 1001 BBBA FFFF FFFF	3993
	B	 1001 BBBA 1001 1001	7
	A	 1001 111A 1001 1001	0
	F	 1001 BBBA FFFF FFFF	3992
	B	 1001 BBBA 1001 1000	7
	A	 1001 111A 1001 1000	0
	F	 0110 101A FFFF FFFF	3968
	A	 0110 101A 1000 0000	0
	F	 0110 101A FFFF FFFF	3969
	A	 0110 101A 1000 0001	0
	F	 0110 101A FFFF FFFF	3970
	A	 0110 101A 1000 0010	0
	F	 0110 101A FFFF FFFF	3971
	A	 0110 101A 1000 0011	0
	F	 0110 101A FFFF FFFF	3972
	A	 0110 101A 1000 0100	0
	K	 0000 0001 00KK KKKK	0
	S	 0000 0000 0001 001S	0


		LCDNORMALWRITEBYTE
	F	 1010 BBBA FFFF FFFF	20
	B	 1010 BBBA 0001 0100	1
	A	 1010 001A 0001 0100	0
	N	 1101 0NNN NNNN NNNN	2
	F	 1000 BBBA FFFF FFFF	13
	B	 1000 BBBA 0000 1101	0
	A	 1000 000A 0000 1101	0
	N	 1101 0NNN NNNN NNNN	1
		ELSE4_1
	F	 1001 BBBA FFFF FFFF	13
	B	 1001 BBBA 0000 1101	0
	A	 1001 000A 0000 1101	0
		ENDIF4
	F	 1001 BBBA FFFF FFFF	13
	B	 1001 BBBA 0000 1101	1
	A	 1001 001A 0000 1101	0
	F	 1001 BBBA FFFF FFFF	13
	B	 1001 BBBA 0000 1101	3
	A	 1001 011A 0000 1101	0
	F	 1011 BBBA FFFF FFFF	15
	B	 1011 BBBA 0000 1111	0
	A	 1011 000A 0000 1111	0
	F	 1000 BBBA FFFF FFFF	13
	B	 1000 BBBA 0000 1101	3
	A	 1000 011A 0000 1101	0
	N	 1101 1NNN NNNN NNNN	1885
	S	1111 DDDD DDDD DDDD:1100 SSSS SSSS SSSS	16
	D	1111 DDDD DDDD DDDD:1100 0000 0001 0000	12
	N	 1101 1NNN NNNN NNNN	1862
	F	 1001 BBBA FFFF FFFF	13
	B	 1001 BBBA 0000 1101	7
	A	 1001 111A 0000 1101	0
	F	 1011 BBBA FFFF FFFF	14
	B	 1011 BBBA 0000 1110	7
	A	 1011 111A 0000 1110	0
	F	 1000 BBBA FFFF FFFF	13
	B	 1000 BBBA 0000 1101	7
	A	 1000 111A 0000 1101	0
	F	 1001 BBBA FFFF FFFF	13
	B	 1001 BBBA 0000 1101	6
	A	 1001 110A 0000 1101	0
	F	 1011 BBBA FFFF FFFF	14
	B	 1011 BBBA 0000 1110	6
	A	 1011 110A 0000 1110	0
	F	 1000 BBBA FFFF FFFF	13
	B	 1000 BBBA 0000 1101	6
	A	 1000 110A 0000 1101	0
	F	 1001 BBBA FFFF FFFF	13
	B	 1001 BBBA 0000 1101	5
	A	 1001 101A 0000 1101	0
	F	 1011 BBBA FFFF FFFF	14
	B	 1011 BBBA 0000 1110	5
	A	 1011 101A 0000 1110	0
	F	 1000 BBBA FFFF FFFF	13
	B	 1000 BBBA 0000 1101	5
	A	 1000 101A 0000 1101	0
	F	 1001 BBBA FFFF FFFF	13
	B	 1001 BBBA 0000 1101	4
	A	 1001 100A 0000 1101	0
	F	 1011 BBBA FFFF FFFF	14
	B	 1011 BBBA 0000 1110	4
	A	 1011 100A 0000 1110	0
	F	 1000 BBBA FFFF FFFF	13
	B	 1000 BBBA 0000 1101	4
	A	 1000 100A 0000 1101	0
	F	 1000 BBBA FFFF FFFF	13
	B	 1000 BBBA 0000 1101	2
	A	 1000 010A 0000 1101	0
	S	1111 DDDD DDDD DDDD:1100 SSSS SSSS SSSS	13
	D	1111 DDDD DDDD DDDD:1100 0000 0000 1101	12
	N	 1101 1NNN NNNN NNNN	1846
	F	 1001 BBBA FFFF FFFF	13
	B	 1001 BBBA 0000 1101	2
	A	 1001 010A 0000 1101	0
	S	1111 DDDD DDDD DDDD:1100 SSSS SSSS SSSS	13
	D	1111 DDDD DDDD DDDD:1100 0000 0000 1101	12
	N	 1101 1NNN NNNN NNNN	1842
	F	 1001 BBBA FFFF FFFF	13
	B	 1001 BBBA 0000 1101	7
	A	 1001 111A 0000 1101	0
	F	 1011 BBBA FFFF FFFF	14
	B	 1011 BBBA 0000 1110	3
	A	 1011 011A 0000 1110	0
	F	 1000 BBBA FFFF FFFF	13
	B	 1000 BBBA 0000 1101	7
	A	 1000 111A 0000 1101	0
	F	 1001 BBBA FFFF FFFF	13
	B	 1001 BBBA 0000 1101	6
	A	 1001 110A 0000 1101	0
	F	 1011 BBBA FFFF FFFF	14
	B	 1011 BBBA 0000 1110	2
	A	 1011 010A 0000 1110	0
	F	 1000 BBBA FFFF FFFF	13
	B	 1000 BBBA 0000 1101	6
	A	 1000 110A 0000 1101	0
	F	 1001 BBBA FFFF FFFF	13
	B	 1001 BBBA 0000 1101	5
	A	 1001 101A 0000 1101	0
	F	 1011 BBBA FFFF FFFF	14
	B	 1011 BBBA 0000 1110	1
	A	 1011 001A 0000 1110	0
	F	 1000 BBBA FFFF FFFF	13
	B	 1000 BBBA 0000 1101	5
	A	 1000 101A 0000 1101	0
	F	 1001 BBBA FFFF FFFF	13
	B	 1001 BBBA 0000 1101	4
	A	 1001 100A 0000 1101	0
	F	 1011 BBBA FFFF FFFF	14
	B	 1011 BBBA 0000 1110	0
	A	 1011 000A 0000 1110	0
	F	 1000 BBBA FFFF FFFF	13
	B	 1000 BBBA 0000 1101	4
	A	 1000 100A 0000 1101	0
	F	 1000 BBBA FFFF FFFF	13
	B	 1000 BBBA 0000 1101	2
	A	 1000 010A 0000 1101	0
	S	1111 DDDD DDDD DDDD:1100 SSSS SSSS SSSS	13
	D	1111 DDDD DDDD DDDD:1100 0000 0000 1101	12
	N	 1101 1NNN NNNN NNNN	1826
	F	 1001 BBBA FFFF FFFF	13
	B	 1001 BBBA 0000 1101	2
	A	 1001 010A 0000 1101	0
	S	1111 DDDD DDDD DDDD:1100 SSSS SSSS SSSS	13
	D	1111 DDDD DDDD DDDD:1100 0000 0000 1101	12
	N	 1101 1NNN NNNN NNNN	1822
	N	 1101 1NNN NNNN NNNN	1851
	K	 0000 1110 KKKK KKKK	12
	F	 0110 111A FFFF FFFF	17
	A	 0110 111A 0001 0001	0
	K	 0000 1110 KKKK KKKK	26
	F	 0110 111A FFFF FFFF	0
	A	 0110 111A 0000 0000	0
		DELAYUS2
	F	 0010 11DA FFFF FFFF	0
	D	 0010 11DA 0000 0000	1
	A	 0010 111A 0000 0000	0
	N	 1101 0NNN NNNN NNNN	2046
	F	 1011 BBBA FFFF FFFF	20
	B	 1011 BBBA 0001 0100	1
	A	 1011 001A 0001 0100	0
	N	 1101 0NNN NNNN NNNN	9
	K	 0000 1110 KKKK KKKK	16
	F	 0101 11DA FFFF FFFF	14
	D	 0101 11DA 0000 1110	0
	A	 0101 110A 0000 1110	0
	F	 1011 BBBA FFFF FFFF	4056
	B	 1011 BBBA 1101 1000	0
	A	 1011 000A 1101 1000	0
	N	 1101 0NNN NNNN NNNN	5
	F	 0101 00DA FFFF FFFF	14
	D	 0101 00DA 0000 1110	0
	A	 0101 000A 0000 1110	0
	K	 0000 1000 KKKK KKKK	7
	F	 1010 BBBA FFFF FFFF	4056
	B	 1010 BBBA 1101 1000	0
	A	 1010 000A 1101 1000	0
	S	1111 DDDD DDDD DDDD:1100 SSSS SSSS SSSS	14
	D	1111 DDDD DDDD DDDD:1100 0000 0000 1110	17
		ENDIF6
		ENDIF5
	S	 0000 0000 0001 001S	0


		NEXUSHARDWARE_INIT
	S	 0000 0000 0001 001S	0


		PRINT119
	S	1111 DDDD DDDD DDDD:1100 SSSS SSSS SSSS	21
	D	1111 DDDD DDDD DDDD:1100 0000 0001 0101	4073
	S	1111 DDDD DDDD DDDD:1100 SSSS SSSS SSSS	22
	D	1111 DDDD DDDD DDDD:1100 0000 0001 0110	4074
	S	1111 DDDD DDDD DDDD:1100 SSSS SSSS SSSS	4079
	D	1111 DDDD DDDD DDDD:1100 1111 1110 1111	18
	F	 0101 00DA FFFF FFFF	18
	D	 0101 00DA 0001 0010	1
	A	 0101 001A 0001 0010	0
	F	 1011 BBBA FFFF FFFF	4056
	B	 1011 BBBA 1101 1000	2
	A	 1011 010A 1101 1000	0
	S	 0000 0000 0001 001S	0
	F	 1000 BBBA FFFF FFFF	20
	B	 1000 BBBA 0001 0100	1
	A	 1000 001A 0001 0100	0
	F	 0110 101A FFFF FFFF	23
	A	 0110 101A 0001 0111	0
	K	 0000 1110 KKKK KKKK	1
	F	 0101 11DA FFFF FFFF	18
	D	 0101 11DA 0001 0010	0
	A	 0101 110A 0001 0010	0
	F	 1010 BBBA FFFF FFFF	4056
	B	 1010 BBBA 1101 1000	0
	A	 1010 000A 1101 1000	0
	N	 1101 0NNN NNNN NNNN	14
		SYSFORLOOP1
	F	 0010 10DA FFFF FFFF	23
	D	 0010 10DA 0001 0111	1
	A	 0010 101A 0001 0111	0
	F	 0101 00DA FFFF FFFF	23
	D	 0101 00DA 0001 0111	0
	A	 0101 000A 0001 0111	0
	F	 0010 01DA FFFF FFFF	21
	D	 0010 01DA 0001 0101	0
	A	 0010 010A 0001 0101	0
	F	 0110 111A FFFF FFFF	4073
	A	 0110 111A 1110 1001	0
	K	 0000 1110 KKKK KKKK	0
	F	 0010 00DA FFFF FFFF	22
	D	 0010 00DA 0001 0110	0
	A	 0010 000A 0001 0110	0
	F	 0110 111A FFFF FFFF	4074
	A	 0110 111A 1110 1010	0
	S	1111 DDDD DDDD DDDD:1100 SSSS SSSS SSSS	4079
	D	1111 DDDD DDDD DDDD:1100 1111 1110 1111	14
	N	 1101 1NNN NNNN NNNN	1949
	F	 0101 00DA FFFF FFFF	18
	D	 0101 00DA 0001 0010	0
	A	 0101 000A 0001 0010	0
	F	 0101 11DA FFFF FFFF	23
	D	 0101 11DA 0001 0111	0
	A	 0101 110A 0001 0111	0
	F	 1010 BBBA FFFF FFFF	4056
	B	 1010 BBBA 1101 1000	0
	A	 1010 000A 1101 1000	0
	N	 1101 0NNN NNNN NNNN	2034
		SYSFORLOOPEND1
	S	 0000 0000 0001 001S	0


		SYSREADSTRING
	S	1111 DDDD DDDD DDDD:1100 SSSS SSSS SSSS	4085
	D	1111 DDDD DDDD DDDD:1100 1111 1111 0101	5
	S	1111 DDDD DDDD DDDD:1100 SSSS SSSS SSSS	4085
	D	1111 DDDD DDDD DDDD:1100 1111 1111 0101	4071
	N	 1101 0NNN NNNN NNNN	4
		SYSREADSTRINGPART
	F	 0101 00DA FFFF FFFF	4085
	D	 0101 00DA 1111 0101	0
	A	 0101 000A 1111 0101	0
	F	 0110 111A FFFF FFFF	5
	A	 0110 111A 0000 0101	0
	F	 0010 01DA FFFF FFFF	6
	D	 0010 01DA 0000 0110	1
	A	 0010 011A 0000 0110	0
		SYSSTRINGREADCHECK
	F	 0101 00DA FFFF FFFF	5
	D	 0101 00DA 0000 0101	1
	A	 0101 001A 0000 0101	0
	F	 1011 BBBA FFFF FFFF	4056
	B	 1011 BBBA 1101 1000	2
	A	 1011 010A 1101 1000	0
	S	 0000 0000 0001 001S	0
		SYSSTRINGREAD
	S	1111 DDDD DDDD DDDD:1100 SSSS SSSS SSSS	4085
	D	1111 DDDD DDDD DDDD:1100 1111 1111 0101	4068
	F	 0010 11DA FFFF FFFF	5
	D	 0010 11DA 0000 0101	1
	A	 0010 111A 0000 0101	0
	N	 1101 0NNN NNNN NNNN	2043
	S	 0000 0000 0001 001S	0


		SYSSTRINGTABLES

		STRINGTABLE1
000314	6804 6C6F 0061	RAW 6804,6C6F,0061



